2022-11-24 09:37:33.152 [TID: N/A] [restartedMain] INFO  c.t.w.WxToolProjectApplication -Starting WxToolProjectApplication using Java 1.8.0_152 on 刘昊岩的电脑 with PID 17332 (D:\project\wxToolProject\target\classes started by liuha in D:\project\wxToolProject)
2022-11-24 09:37:33.155 [TID: N/A] [restartedMain] DEBUG c.t.w.WxToolProjectApplication -Running with Spring Boot v2.5.0, Spring v5.3.7
2022-11-24 09:37:33.155 [TID: N/A] [restartedMain] INFO  c.t.w.WxToolProjectApplication -The following profiles are active: dev
2022-11-24 09:37:33.239 [TID: N/A] [background-preinit] WARN  o.s.h.c.j.Jackson2ObjectMapperBuilder -For Jackson Kotlin classes support please add "com.fasterxml.jackson.module:jackson-module-kotlin" to the classpath
2022-11-24 09:37:33.481 [TID: N/A] [restartedMain] WARN  o.s.b.w.s.c.AnnotationConfigServletWebServerApplicationContext -Exception encountered during context initialization - cancelling refresh attempt: org.springframework.beans.factory.BeanDefinitionStoreException: Failed to parse configuration class [com.tool.wxtoolproject.WxToolProjectApplication]; nested exception is java.io.FileNotFoundException: class path resource [com/tool/wxtoolproject/api/common/config/RedisConfig.class] cannot be opened because it does not exist
2022-11-24 09:37:33.526 [TID: N/A] [restartedMain] ERROR o.s.boot.SpringApplication -Application run failed
org.springframework.beans.factory.BeanDefinitionStoreException: Failed to parse configuration class [com.tool.wxtoolproject.WxToolProjectApplication]; nested exception is java.io.FileNotFoundException: class path resource [com/tool/wxtoolproject/api/common/config/RedisConfig.class] cannot be opened because it does not exist
	at org.springframework.context.annotation.ConfigurationClassParser.parse(ConfigurationClassParser.java:189)
	at org.springframework.context.annotation.ConfigurationClassPostProcessor.processConfigBeanDefinitions(ConfigurationClassPostProcessor.java:331)
	at org.springframework.context.annotation.ConfigurationClassPostProcessor.postProcessBeanDefinitionRegistry(ConfigurationClassPostProcessor.java:247)
	at org.springframework.context.support.PostProcessorRegistrationDelegate.invokeBeanDefinitionRegistryPostProcessors(PostProcessorRegistrationDelegate.java:311)
	at org.springframework.context.support.PostProcessorRegistrationDelegate.invokeBeanFactoryPostProcessors(PostProcessorRegistrationDelegate.java:112)
	at org.springframework.context.support.AbstractApplicationContext.invokeBeanFactoryPostProcessors(AbstractApplicationContext.java:746)
	at org.springframework.context.support.AbstractApplicationContext.refresh(AbstractApplicationContext.java:564)
	at org.springframework.boot.web.servlet.context.ServletWebServerApplicationContext.refresh(ServletWebServerApplicationContext.java:145)
	at org.springframework.boot.SpringApplication.refresh(SpringApplication.java:758)
	at org.springframework.boot.SpringApplication.refreshContext(SpringApplication.java:438)
	at org.springframework.boot.SpringApplication.run(SpringApplication.java:337)
	at org.springframework.boot.SpringApplication.run(SpringApplication.java:1336)
	at org.springframework.boot.SpringApplication.run(SpringApplication.java:1325)
	at com.tool.wxtoolproject.WxToolProjectApplication.main(WxToolProjectApplication.java:21)
	at sun.reflect.NativeMethodAccessorImpl.invoke0(Native Method)
	at sun.reflect.NativeMethodAccessorImpl.invoke(NativeMethodAccessorImpl.java:62)
	at sun.reflect.DelegatingMethodAccessorImpl.invoke(DelegatingMethodAccessorImpl.java:43)
	at java.lang.reflect.Method.invoke(Method.java:498)
	at org.springframework.boot.devtools.restart.RestartLauncher.run(RestartLauncher.java:49)
Caused by: java.io.FileNotFoundException: class path resource [com/tool/wxtoolproject/api/common/config/RedisConfig.class] cannot be opened because it does not exist
	at org.springframework.core.io.ClassPathResource.getInputStream(ClassPathResource.java:187)
	at org.springframework.core.type.classreading.SimpleMetadataReader.getClassReader(SimpleMetadataReader.java:55)
	at org.springframework.core.type.classreading.SimpleMetadataReader.<init>(SimpleMetadataReader.java:49)
	at org.springframework.core.type.classreading.SimpleMetadataReaderFactory.getMetadataReader(SimpleMetadataReaderFactory.java:103)
	at org.springframework.boot.type.classreading.ConcurrentReferenceCachingMetadataReaderFactory.createMetadataReader(ConcurrentReferenceCachingMetadataReaderFactory.java:86)
	at org.springframework.boot.type.classreading.ConcurrentReferenceCachingMetadataReaderFactory.getMetadataReader(ConcurrentReferenceCachingMetadataReaderFactory.java:73)
	at org.springframework.core.type.classreading.SimpleMetadataReaderFactory.getMetadataReader(SimpleMetadataReaderFactory.java:81)
	at org.springframework.context.annotation.ConfigurationClassParser.parse(ConfigurationClassParser.java:198)
	at org.springframework.context.annotation.ConfigurationClassParser.doProcessConfigurationClass(ConfigurationClassParser.java:304)
	at org.springframework.context.annotation.ConfigurationClassParser.processConfigurationClass(ConfigurationClassParser.java:250)
	at org.springframework.context.annotation.ConfigurationClassParser.parse(ConfigurationClassParser.java:207)
	at org.springframework.context.annotation.ConfigurationClassParser.parse(ConfigurationClassParser.java:175)
	... 18 common frames omitted
2022-11-24 09:40:03.810 [TID: N/A] [restartedMain] INFO  c.t.w.WxToolProjectApplication -Starting WxToolProjectApplication using Java 1.8.0_152 on 刘昊岩的电脑 with PID 27512 (D:\project\wxToolProject\target\classes started by liuha in D:\project\wxToolProject)
2022-11-24 09:40:03.814 [TID: N/A] [restartedMain] DEBUG c.t.w.WxToolProjectApplication -Running with Spring Boot v2.5.0, Spring v5.3.7
2022-11-24 09:40:03.814 [TID: N/A] [restartedMain] INFO  c.t.w.WxToolProjectApplication -The following profiles are active: dev
2022-11-24 09:40:03.911 [TID: N/A] [background-preinit] WARN  o.s.h.c.j.Jackson2ObjectMapperBuilder -For Jackson Kotlin classes support please add "com.fasterxml.jackson.module:jackson-module-kotlin" to the classpath
2022-11-24 09:40:05.683 [TID: N/A] [restartedMain] DEBUG c.t.w.api.sys.config.HttpsConfig$1 -Code archive: D:\tool\develop\Config\apache-maven\repository\org\springframework\boot\spring-boot\2.5.0\spring-boot-2.5.0.jar
2022-11-24 09:40:05.683 [TID: N/A] [restartedMain] DEBUG c.t.w.api.sys.config.HttpsConfig$1 -Code archive: D:\tool\develop\Config\apache-maven\repository\org\springframework\boot\spring-boot\2.5.0\spring-boot-2.5.0.jar
2022-11-24 09:40:05.684 [TID: N/A] [restartedMain] DEBUG c.t.w.api.sys.config.HttpsConfig$1 -None of the document roots [src/main/webapp, public, static] point to a directory and will be ignored.
2022-11-24 09:40:08.636 [TID: N/A] [restartedMain] WARN  o.s.b.s.r.RedisStarterDeprecationWarningAutoConfiguration -spring-boot-starter-redis is deprecated as of Spring Boot 1.4, please migrate to spring-boot-starter-data-redis
2022-11-24 09:40:08.748 [TID: N/A] [restartedMain] INFO  c.t.w.WxToolProjectApplication -Started WxToolProjectApplication in 5.703 seconds (JVM running for 8.194)
2022-11-24 09:40:47.481 [TID: N/A] [restartedMain] INFO  c.t.w.WxToolProjectApplication -Starting WxToolProjectApplication using Java 1.8.0_152 on 刘昊岩的电脑 with PID 2364 (D:\project\wxToolProject\target\classes started by liuha in D:\project\wxToolProject)
2022-11-24 09:40:47.484 [TID: N/A] [restartedMain] DEBUG c.t.w.WxToolProjectApplication -Running with Spring Boot v2.5.0, Spring v5.3.7
2022-11-24 09:40:47.484 [TID: N/A] [restartedMain] INFO  c.t.w.WxToolProjectApplication -The following profiles are active: dev
2022-11-24 09:40:47.552 [TID: N/A] [background-preinit] WARN  o.s.h.c.j.Jackson2ObjectMapperBuilder -For Jackson Kotlin classes support please add "com.fasterxml.jackson.module:jackson-module-kotlin" to the classpath
2022-11-24 09:40:49.081 [TID: N/A] [restartedMain] DEBUG c.t.w.api.sys.config.HttpsConfig$1 -Code archive: D:\tool\develop\Config\apache-maven\repository\org\springframework\boot\spring-boot\2.5.0\spring-boot-2.5.0.jar
2022-11-24 09:40:49.082 [TID: N/A] [restartedMain] DEBUG c.t.w.api.sys.config.HttpsConfig$1 -Code archive: D:\tool\develop\Config\apache-maven\repository\org\springframework\boot\spring-boot\2.5.0\spring-boot-2.5.0.jar
2022-11-24 09:40:49.083 [TID: N/A] [restartedMain] DEBUG c.t.w.api.sys.config.HttpsConfig$1 -None of the document roots [src/main/webapp, public, static] point to a directory and will be ignored.
2022-11-24 09:40:52.119 [TID: N/A] [restartedMain] WARN  o.s.b.s.r.RedisStarterDeprecationWarningAutoConfiguration -spring-boot-starter-redis is deprecated as of Spring Boot 1.4, please migrate to spring-boot-starter-data-redis
2022-11-24 09:40:52.192 [TID: N/A] [restartedMain] INFO  c.t.w.WxToolProjectApplication -Started WxToolProjectApplication in 5.375 seconds (JVM running for 7.551)
2022-11-24 09:45:03.068 [TID: N/A] [restartedMain] INFO  c.t.w.WxToolProjectApplication -Starting WxToolProjectApplication using Java 1.8.0_152 on 刘昊岩的电脑 with PID 7092 (D:\project\wxToolProject\target\classes started by liuha in D:\project\wxToolProject)
2022-11-24 09:45:03.071 [TID: N/A] [restartedMain] DEBUG c.t.w.WxToolProjectApplication -Running with Spring Boot v2.5.0, Spring v5.3.7
2022-11-24 09:45:03.071 [TID: N/A] [restartedMain] INFO  c.t.w.WxToolProjectApplication -The following profiles are active: dev
2022-11-24 09:45:03.133 [TID: N/A] [background-preinit] WARN  o.s.h.c.j.Jackson2ObjectMapperBuilder -For Jackson Kotlin classes support please add "com.fasterxml.jackson.module:jackson-module-kotlin" to the classpath
2022-11-24 09:45:04.435 [TID: N/A] [restartedMain] DEBUG c.t.w.api.sys.config.HttpsConfig$1 -Code archive: D:\tool\develop\Config\apache-maven\repository\org\springframework\boot\spring-boot\2.5.0\spring-boot-2.5.0.jar
2022-11-24 09:45:04.436 [TID: N/A] [restartedMain] DEBUG c.t.w.api.sys.config.HttpsConfig$1 -Code archive: D:\tool\develop\Config\apache-maven\repository\org\springframework\boot\spring-boot\2.5.0\spring-boot-2.5.0.jar
2022-11-24 09:45:04.436 [TID: N/A] [restartedMain] DEBUG c.t.w.api.sys.config.HttpsConfig$1 -None of the document roots [src/main/webapp, public, static] point to a directory and will be ignored.
2022-11-24 09:45:06.888 [TID: N/A] [restartedMain] WARN  o.s.b.s.r.RedisStarterDeprecationWarningAutoConfiguration -spring-boot-starter-redis is deprecated as of Spring Boot 1.4, please migrate to spring-boot-starter-data-redis
2022-11-24 09:45:06.976 [TID: N/A] [restartedMain] INFO  c.t.w.WxToolProjectApplication -Started WxToolProjectApplication in 4.459 seconds (JVM running for 6.427)
2022-11-24 09:47:08.165 [TID: N/A] [restartedMain] INFO  c.t.w.WxToolProjectApplication -Starting WxToolProjectApplication using Java 1.8.0_152 on 刘昊岩的电脑 with PID 30480 (D:\project\wxToolProject\target\classes started by liuha in D:\project\wxToolProject)
2022-11-24 09:47:08.169 [TID: N/A] [restartedMain] DEBUG c.t.w.WxToolProjectApplication -Running with Spring Boot v2.5.0, Spring v5.3.7
2022-11-24 09:47:08.170 [TID: N/A] [restartedMain] INFO  c.t.w.WxToolProjectApplication -The following profiles are active: dev
2022-11-24 09:47:08.232 [TID: N/A] [background-preinit] WARN  o.s.h.c.j.Jackson2ObjectMapperBuilder -For Jackson Kotlin classes support please add "com.fasterxml.jackson.module:jackson-module-kotlin" to the classpath
2022-11-24 09:47:09.599 [TID: N/A] [restartedMain] DEBUG c.t.w.api.sys.config.HttpsConfig$1 -Code archive: D:\tool\develop\Config\apache-maven\repository\org\springframework\boot\spring-boot\2.5.0\spring-boot-2.5.0.jar
2022-11-24 09:47:09.600 [TID: N/A] [restartedMain] DEBUG c.t.w.api.sys.config.HttpsConfig$1 -Code archive: D:\tool\develop\Config\apache-maven\repository\org\springframework\boot\spring-boot\2.5.0\spring-boot-2.5.0.jar
2022-11-24 09:47:09.600 [TID: N/A] [restartedMain] DEBUG c.t.w.api.sys.config.HttpsConfig$1 -None of the document roots [src/main/webapp, public, static] point to a directory and will be ignored.
2022-11-24 09:47:11.911 [TID: N/A] [restartedMain] WARN  o.s.b.s.r.RedisStarterDeprecationWarningAutoConfiguration -spring-boot-starter-redis is deprecated as of Spring Boot 1.4, please migrate to spring-boot-starter-data-redis
2022-11-24 09:47:11.982 [TID: N/A] [restartedMain] INFO  c.t.w.WxToolProjectApplication -Started WxToolProjectApplication in 4.347 seconds (JVM running for 6.177)
2022-11-24 10:15:12.157 [TID: N/A] [restartedMain] INFO  c.t.w.WxToolProjectApplication -Starting WxToolProjectApplication using Java 1.8.0_152 on 刘昊岩的电脑 with PID 22172 (D:\project\wxToolProject\target\classes started by liuha in D:\project\wxToolProject)
2022-11-24 10:15:12.160 [TID: N/A] [restartedMain] DEBUG c.t.w.WxToolProjectApplication -Running with Spring Boot v2.5.0, Spring v5.3.7
2022-11-24 10:15:12.161 [TID: N/A] [restartedMain] INFO  c.t.w.WxToolProjectApplication -The following profiles are active: dev
2022-11-24 10:15:12.242 [TID: N/A] [background-preinit] WARN  o.s.h.c.j.Jackson2ObjectMapperBuilder -For Jackson Kotlin classes support please add "com.fasterxml.jackson.module:jackson-module-kotlin" to the classpath
2022-11-24 10:15:13.725 [TID: N/A] [restartedMain] DEBUG c.t.w.api.sys.config.HttpsConfig$1 -Code archive: D:\tool\develop\Config\apache-maven\repository\org\springframework\boot\spring-boot\2.5.0\spring-boot-2.5.0.jar
2022-11-24 10:15:13.726 [TID: N/A] [restartedMain] DEBUG c.t.w.api.sys.config.HttpsConfig$1 -Code archive: D:\tool\develop\Config\apache-maven\repository\org\springframework\boot\spring-boot\2.5.0\spring-boot-2.5.0.jar
2022-11-24 10:15:13.726 [TID: N/A] [restartedMain] DEBUG c.t.w.api.sys.config.HttpsConfig$1 -None of the document roots [src/main/webapp, public, static] point to a directory and will be ignored.
2022-11-24 10:15:15.695 [TID: N/A] [restartedMain] WARN  o.s.b.w.s.c.AnnotationConfigServletWebServerApplicationContext -Exception encountered during context initialization - cancelling refresh attempt: org.springframework.beans.factory.UnsatisfiedDependencyException: Error creating bean with name 'tikTokController': Unsatisfied dependency expressed through field 'tikTokService'; nested exception is org.springframework.beans.factory.BeanCreationException: Error creating bean with name 'tikTokServiceImpl' defined in file [D:\project\wxToolProject\target\classes\com\tool\wxtoolproject\api\tiktok\service\impl\TikTokServiceImpl.class]: Post-processing of merged bean definition failed; nested exception is java.lang.IllegalStateException: @Resource annotation is not supported on static fields
2022-11-24 10:15:15.746 [TID: N/A] [restartedMain] ERROR o.s.boot.SpringApplication -Application run failed
org.springframework.beans.factory.UnsatisfiedDependencyException: Error creating bean with name 'tikTokController': Unsatisfied dependency expressed through field 'tikTokService'; nested exception is org.springframework.beans.factory.BeanCreationException: Error creating bean with name 'tikTokServiceImpl' defined in file [D:\project\wxToolProject\target\classes\com\tool\wxtoolproject\api\tiktok\service\impl\TikTokServiceImpl.class]: Post-processing of merged bean definition failed; nested exception is java.lang.IllegalStateException: @Resource annotation is not supported on static fields
	at org.springframework.beans.factory.annotation.AutowiredAnnotationBeanPostProcessor$AutowiredFieldElement.resolveFieldValue(AutowiredAnnotationBeanPostProcessor.java:660)
	at org.springframework.beans.factory.annotation.AutowiredAnnotationBeanPostProcessor$AutowiredFieldElement.inject(AutowiredAnnotationBeanPostProcessor.java:640)
	at org.springframework.beans.factory.annotation.InjectionMetadata.inject(InjectionMetadata.java:119)
	at org.springframework.beans.factory.annotation.AutowiredAnnotationBeanPostProcessor.postProcessProperties(AutowiredAnnotationBeanPostProcessor.java:399)
	at org.springframework.beans.factory.support.AbstractAutowireCapableBeanFactory.populateBean(AbstractAutowireCapableBeanFactory.java:1413)
	at org.springframework.beans.factory.support.AbstractAutowireCapableBeanFactory.doCreateBean(AbstractAutowireCapableBeanFactory.java:601)
	at org.springframework.beans.factory.support.AbstractAutowireCapableBeanFactory.createBean(AbstractAutowireCapableBeanFactory.java:524)
	at org.springframework.beans.factory.support.AbstractBeanFactory.lambda$doGetBean$0(AbstractBeanFactory.java:335)
	at org.springframework.beans.factory.support.DefaultSingletonBeanRegistry.getSingleton(DefaultSingletonBeanRegistry.java:234)
	at org.springframework.beans.factory.support.AbstractBeanFactory.doGetBean(AbstractBeanFactory.java:333)
	at org.springframework.beans.factory.support.AbstractBeanFactory.getBean(AbstractBeanFactory.java:208)
	at org.springframework.beans.factory.support.DefaultListableBeanFactory.preInstantiateSingletons(DefaultListableBeanFactory.java:944)
	at org.springframework.context.support.AbstractApplicationContext.finishBeanFactoryInitialization(AbstractApplicationContext.java:918)
	at org.springframework.context.support.AbstractApplicationContext.refresh(AbstractApplicationContext.java:583)
	at org.springframework.boot.web.servlet.context.ServletWebServerApplicationContext.refresh(ServletWebServerApplicationContext.java:145)
	at org.springframework.boot.SpringApplication.refresh(SpringApplication.java:758)
	at org.springframework.boot.SpringApplication.refreshContext(SpringApplication.java:438)
	at org.springframework.boot.SpringApplication.run(SpringApplication.java:337)
	at org.springframework.boot.SpringApplication.run(SpringApplication.java:1336)
	at org.springframework.boot.SpringApplication.run(SpringApplication.java:1325)
	at com.tool.wxtoolproject.WxToolProjectApplication.main(WxToolProjectApplication.java:21)
	at sun.reflect.NativeMethodAccessorImpl.invoke0(Native Method)
	at sun.reflect.NativeMethodAccessorImpl.invoke(NativeMethodAccessorImpl.java:62)
	at sun.reflect.DelegatingMethodAccessorImpl.invoke(DelegatingMethodAccessorImpl.java:43)
	at java.lang.reflect.Method.invoke(Method.java:498)
	at org.springframework.boot.devtools.restart.RestartLauncher.run(RestartLauncher.java:49)
Caused by: org.springframework.beans.factory.BeanCreationException: Error creating bean with name 'tikTokServiceImpl' defined in file [D:\project\wxToolProject\target\classes\com\tool\wxtoolproject\api\tiktok\service\impl\TikTokServiceImpl.class]: Post-processing of merged bean definition failed; nested exception is java.lang.IllegalStateException: @Resource annotation is not supported on static fields
	at org.springframework.beans.factory.support.AbstractAutowireCapableBeanFactory.doCreateBean(AbstractAutowireCapableBeanFactory.java:579)
	at org.springframework.beans.factory.support.AbstractAutowireCapableBeanFactory.createBean(AbstractAutowireCapableBeanFactory.java:524)
	at org.springframework.beans.factory.support.AbstractBeanFactory.lambda$doGetBean$0(AbstractBeanFactory.java:335)
	at org.springframework.beans.factory.support.DefaultSingletonBeanRegistry.getSingleton(DefaultSingletonBeanRegistry.java:234)
	at org.springframework.beans.factory.support.AbstractBeanFactory.doGetBean(AbstractBeanFactory.java:333)
	at org.springframework.beans.factory.support.AbstractBeanFactory.getBean(AbstractBeanFactory.java:208)
	at org.springframework.beans.factory.config.DependencyDescriptor.resolveCandidate(DependencyDescriptor.java:276)
	at org.springframework.beans.factory.support.DefaultListableBeanFactory.doResolveDependency(DefaultListableBeanFactory.java:1380)
	at org.springframework.beans.factory.support.DefaultListableBeanFactory.resolveDependency(DefaultListableBeanFactory.java:1300)
	at org.springframework.beans.factory.annotation.AutowiredAnnotationBeanPostProcessor$AutowiredFieldElement.resolveFieldValue(AutowiredAnnotationBeanPostProcessor.java:657)
	... 25 common frames omitted
Caused by: java.lang.IllegalStateException: @Resource annotation is not supported on static fields
	at org.springframework.context.annotation.CommonAnnotationBeanPostProcessor.lambda$buildResourceMetadata$0(CommonAnnotationBeanPostProcessor.java:381)
	at org.springframework.util.ReflectionUtils.doWithLocalFields(ReflectionUtils.java:673)
	at org.springframework.context.annotation.CommonAnnotationBeanPostProcessor.buildResourceMetadata(CommonAnnotationBeanPostProcessor.java:366)
	at org.springframework.context.annotation.CommonAnnotationBeanPostProcessor.findResourceMetadata(CommonAnnotationBeanPostProcessor.java:347)
	at org.springframework.context.annotation.CommonAnnotationBeanPostProcessor.postProcessMergedBeanDefinition(CommonAnnotationBeanPostProcessor.java:295)
	at org.springframework.beans.factory.support.AbstractAutowireCapableBeanFactory.applyMergedBeanDefinitionPostProcessors(AbstractAutowireCapableBeanFactory.java:1098)
	at org.springframework.beans.factory.support.AbstractAutowireCapableBeanFactory.doCreateBean(AbstractAutowireCapableBeanFactory.java:576)
	... 34 common frames omitted
2022-11-24 10:15:48.290 [TID: N/A] [restartedMain] INFO  c.t.w.WxToolProjectApplication -Starting WxToolProjectApplication using Java 1.8.0_152 on 刘昊岩的电脑 with PID 24008 (D:\project\wxToolProject\target\classes started by liuha in D:\project\wxToolProject)
2022-11-24 10:15:48.294 [TID: N/A] [restartedMain] DEBUG c.t.w.WxToolProjectApplication -Running with Spring Boot v2.5.0, Spring v5.3.7
2022-11-24 10:15:48.294 [TID: N/A] [restartedMain] INFO  c.t.w.WxToolProjectApplication -The following profiles are active: dev
2022-11-24 10:15:48.369 [TID: N/A] [background-preinit] WARN  o.s.h.c.j.Jackson2ObjectMapperBuilder -For Jackson Kotlin classes support please add "com.fasterxml.jackson.module:jackson-module-kotlin" to the classpath
2022-11-24 10:15:49.680 [TID: N/A] [restartedMain] DEBUG c.t.w.api.sys.config.HttpsConfig$1 -Code archive: D:\tool\develop\Config\apache-maven\repository\org\springframework\boot\spring-boot\2.5.0\spring-boot-2.5.0.jar
2022-11-24 10:15:49.681 [TID: N/A] [restartedMain] DEBUG c.t.w.api.sys.config.HttpsConfig$1 -Code archive: D:\tool\develop\Config\apache-maven\repository\org\springframework\boot\spring-boot\2.5.0\spring-boot-2.5.0.jar
2022-11-24 10:15:49.681 [TID: N/A] [restartedMain] DEBUG c.t.w.api.sys.config.HttpsConfig$1 -None of the document roots [src/main/webapp, public, static] point to a directory and will be ignored.
2022-11-24 10:15:51.410 [TID: N/A] [restartedMain] WARN  o.s.b.w.s.c.AnnotationConfigServletWebServerApplicationContext -Exception encountered during context initialization - cancelling refresh attempt: org.springframework.beans.factory.UnsatisfiedDependencyException: Error creating bean with name 'tikTokController': Unsatisfied dependency expressed through field 'tikTokService'; nested exception is org.springframework.beans.factory.BeanCreationException: Error creating bean with name 'tikTokServiceImpl' defined in file [D:\project\wxToolProject\target\classes\com\tool\wxtoolproject\api\tiktok\service\impl\TikTokServiceImpl.class]: Post-processing of merged bean definition failed; nested exception is java.lang.IllegalStateException: @Resource annotation is not supported on static fields
2022-11-24 10:15:51.450 [TID: N/A] [restartedMain] ERROR o.s.boot.SpringApplication -Application run failed
org.springframework.beans.factory.UnsatisfiedDependencyException: Error creating bean with name 'tikTokController': Unsatisfied dependency expressed through field 'tikTokService'; nested exception is org.springframework.beans.factory.BeanCreationException: Error creating bean with name 'tikTokServiceImpl' defined in file [D:\project\wxToolProject\target\classes\com\tool\wxtoolproject\api\tiktok\service\impl\TikTokServiceImpl.class]: Post-processing of merged bean definition failed; nested exception is java.lang.IllegalStateException: @Resource annotation is not supported on static fields
	at org.springframework.beans.factory.annotation.AutowiredAnnotationBeanPostProcessor$AutowiredFieldElement.resolveFieldValue(AutowiredAnnotationBeanPostProcessor.java:660)
	at org.springframework.beans.factory.annotation.AutowiredAnnotationBeanPostProcessor$AutowiredFieldElement.inject(AutowiredAnnotationBeanPostProcessor.java:640)
	at org.springframework.beans.factory.annotation.InjectionMetadata.inject(InjectionMetadata.java:119)
	at org.springframework.beans.factory.annotation.AutowiredAnnotationBeanPostProcessor.postProcessProperties(AutowiredAnnotationBeanPostProcessor.java:399)
	at org.springframework.beans.factory.support.AbstractAutowireCapableBeanFactory.populateBean(AbstractAutowireCapableBeanFactory.java:1413)
	at org.springframework.beans.factory.support.AbstractAutowireCapableBeanFactory.doCreateBean(AbstractAutowireCapableBeanFactory.java:601)
	at org.springframework.beans.factory.support.AbstractAutowireCapableBeanFactory.createBean(AbstractAutowireCapableBeanFactory.java:524)
	at org.springframework.beans.factory.support.AbstractBeanFactory.lambda$doGetBean$0(AbstractBeanFactory.java:335)
	at org.springframework.beans.factory.support.DefaultSingletonBeanRegistry.getSingleton(DefaultSingletonBeanRegistry.java:234)
	at org.springframework.beans.factory.support.AbstractBeanFactory.doGetBean(AbstractBeanFactory.java:333)
	at org.springframework.beans.factory.support.AbstractBeanFactory.getBean(AbstractBeanFactory.java:208)
	at org.springframework.beans.factory.support.DefaultListableBeanFactory.preInstantiateSingletons(DefaultListableBeanFactory.java:944)
	at org.springframework.context.support.AbstractApplicationContext.finishBeanFactoryInitialization(AbstractApplicationContext.java:918)
	at org.springframework.context.support.AbstractApplicationContext.refresh(AbstractApplicationContext.java:583)
	at org.springframework.boot.web.servlet.context.ServletWebServerApplicationContext.refresh(ServletWebServerApplicationContext.java:145)
	at org.springframework.boot.SpringApplication.refresh(SpringApplication.java:758)
	at org.springframework.boot.SpringApplication.refreshContext(SpringApplication.java:438)
	at org.springframework.boot.SpringApplication.run(SpringApplication.java:337)
	at org.springframework.boot.SpringApplication.run(SpringApplication.java:1336)
	at org.springframework.boot.SpringApplication.run(SpringApplication.java:1325)
	at com.tool.wxtoolproject.WxToolProjectApplication.main(WxToolProjectApplication.java:21)
	at sun.reflect.NativeMethodAccessorImpl.invoke0(Native Method)
	at sun.reflect.NativeMethodAccessorImpl.invoke(NativeMethodAccessorImpl.java:62)
	at sun.reflect.DelegatingMethodAccessorImpl.invoke(DelegatingMethodAccessorImpl.java:43)
	at java.lang.reflect.Method.invoke(Method.java:498)
	at org.springframework.boot.devtools.restart.RestartLauncher.run(RestartLauncher.java:49)
Caused by: org.springframework.beans.factory.BeanCreationException: Error creating bean with name 'tikTokServiceImpl' defined in file [D:\project\wxToolProject\target\classes\com\tool\wxtoolproject\api\tiktok\service\impl\TikTokServiceImpl.class]: Post-processing of merged bean definition failed; nested exception is java.lang.IllegalStateException: @Resource annotation is not supported on static fields
	at org.springframework.beans.factory.support.AbstractAutowireCapableBeanFactory.doCreateBean(AbstractAutowireCapableBeanFactory.java:579)
	at org.springframework.beans.factory.support.AbstractAutowireCapableBeanFactory.createBean(AbstractAutowireCapableBeanFactory.java:524)
	at org.springframework.beans.factory.support.AbstractBeanFactory.lambda$doGetBean$0(AbstractBeanFactory.java:335)
	at org.springframework.beans.factory.support.DefaultSingletonBeanRegistry.getSingleton(DefaultSingletonBeanRegistry.java:234)
	at org.springframework.beans.factory.support.AbstractBeanFactory.doGetBean(AbstractBeanFactory.java:333)
	at org.springframework.beans.factory.support.AbstractBeanFactory.getBean(AbstractBeanFactory.java:208)
	at org.springframework.beans.factory.config.DependencyDescriptor.resolveCandidate(DependencyDescriptor.java:276)
	at org.springframework.beans.factory.support.DefaultListableBeanFactory.doResolveDependency(DefaultListableBeanFactory.java:1380)
	at org.springframework.beans.factory.support.DefaultListableBeanFactory.resolveDependency(DefaultListableBeanFactory.java:1300)
	at org.springframework.beans.factory.annotation.AutowiredAnnotationBeanPostProcessor$AutowiredFieldElement.resolveFieldValue(AutowiredAnnotationBeanPostProcessor.java:657)
	... 25 common frames omitted
Caused by: java.lang.IllegalStateException: @Resource annotation is not supported on static fields
	at org.springframework.context.annotation.CommonAnnotationBeanPostProcessor.lambda$buildResourceMetadata$0(CommonAnnotationBeanPostProcessor.java:381)
	at org.springframework.util.ReflectionUtils.doWithLocalFields(ReflectionUtils.java:673)
	at org.springframework.context.annotation.CommonAnnotationBeanPostProcessor.buildResourceMetadata(CommonAnnotationBeanPostProcessor.java:366)
	at org.springframework.context.annotation.CommonAnnotationBeanPostProcessor.findResourceMetadata(CommonAnnotationBeanPostProcessor.java:347)
	at org.springframework.context.annotation.CommonAnnotationBeanPostProcessor.postProcessMergedBeanDefinition(CommonAnnotationBeanPostProcessor.java:295)
	at org.springframework.beans.factory.support.AbstractAutowireCapableBeanFactory.applyMergedBeanDefinitionPostProcessors(AbstractAutowireCapableBeanFactory.java:1098)
	at org.springframework.beans.factory.support.AbstractAutowireCapableBeanFactory.doCreateBean(AbstractAutowireCapableBeanFactory.java:576)
	... 34 common frames omitted
2022-11-24 10:16:23.808 [TID: N/A] [restartedMain] INFO  c.t.w.WxToolProjectApplication -Starting WxToolProjectApplication using Java 1.8.0_152 on 刘昊岩的电脑 with PID 3984 (D:\project\wxToolProject\target\classes started by liuha in D:\project\wxToolProject)
2022-11-24 10:16:23.811 [TID: N/A] [restartedMain] DEBUG c.t.w.WxToolProjectApplication -Running with Spring Boot v2.5.0, Spring v5.3.7
2022-11-24 10:16:23.811 [TID: N/A] [restartedMain] INFO  c.t.w.WxToolProjectApplication -The following profiles are active: dev
2022-11-24 10:16:23.890 [TID: N/A] [background-preinit] WARN  o.s.h.c.j.Jackson2ObjectMapperBuilder -For Jackson Kotlin classes support please add "com.fasterxml.jackson.module:jackson-module-kotlin" to the classpath
2022-11-24 10:16:25.318 [TID: N/A] [restartedMain] DEBUG c.t.w.api.sys.config.HttpsConfig$1 -Code archive: D:\tool\develop\Config\apache-maven\repository\org\springframework\boot\spring-boot\2.5.0\spring-boot-2.5.0.jar
2022-11-24 10:16:25.319 [TID: N/A] [restartedMain] DEBUG c.t.w.api.sys.config.HttpsConfig$1 -Code archive: D:\tool\develop\Config\apache-maven\repository\org\springframework\boot\spring-boot\2.5.0\spring-boot-2.5.0.jar
2022-11-24 10:16:25.319 [TID: N/A] [restartedMain] DEBUG c.t.w.api.sys.config.HttpsConfig$1 -None of the document roots [src/main/webapp, public, static] point to a directory and will be ignored.
2022-11-24 10:16:27.646 [TID: N/A] [restartedMain] WARN  o.s.b.s.r.RedisStarterDeprecationWarningAutoConfiguration -spring-boot-starter-redis is deprecated as of Spring Boot 1.4, please migrate to spring-boot-starter-data-redis
2022-11-24 10:16:27.717 [TID: N/A] [restartedMain] INFO  c.t.w.WxToolProjectApplication -Started WxToolProjectApplication in 4.493 seconds (JVM running for 6.455)
2022-11-24 10:16:36.792 [TID: N/A] [https-jsse-nio-443-exec-4] DEBUG c.t.w.api.common.message.JsonView -View name 'jsonView', model {error={"body":{},"code":"404","msg":"请求UTL错误，或请求方式不正确"}}
2022-11-24 10:16:58.257 [TID: N/A] [https-jsse-nio-443-exec-8] DEBUG c.t.w.api.common.message.JsonView -View name 'jsonView', model {error={"body":{},"code":"404","msg":"请求UTL错误，或请求方式不正确"}}
2022-11-24 10:18:33.758 [TID: N/A] [https-jsse-nio-443-exec-3] DEBUG c.t.w.api.common.message.JsonView -View name 'jsonView', model {error={"body":{},"code":"404","msg":"请求UTL错误，或请求方式不正确"}}
2022-11-24 10:18:43.931 [TID: N/A] [restartedMain] INFO  c.t.w.WxToolProjectApplication -Starting WxToolProjectApplication using Java 1.8.0_152 on 刘昊岩的电脑 with PID 30432 (D:\project\wxToolProject\target\classes started by liuha in D:\project\wxToolProject)
2022-11-24 10:18:43.935 [TID: N/A] [restartedMain] DEBUG c.t.w.WxToolProjectApplication -Running with Spring Boot v2.5.0, Spring v5.3.7
2022-11-24 10:18:43.936 [TID: N/A] [restartedMain] INFO  c.t.w.WxToolProjectApplication -The following profiles are active: dev
2022-11-24 10:18:44.031 [TID: N/A] [background-preinit] WARN  o.s.h.c.j.Jackson2ObjectMapperBuilder -For Jackson Kotlin classes support please add "com.fasterxml.jackson.module:jackson-module-kotlin" to the classpath
2022-11-24 10:18:45.527 [TID: N/A] [restartedMain] DEBUG c.t.w.api.sys.config.HttpsConfig$1 -Code archive: D:\tool\develop\Config\apache-maven\repository\org\springframework\boot\spring-boot\2.5.0\spring-boot-2.5.0.jar
2022-11-24 10:18:45.528 [TID: N/A] [restartedMain] DEBUG c.t.w.api.sys.config.HttpsConfig$1 -Code archive: D:\tool\develop\Config\apache-maven\repository\org\springframework\boot\spring-boot\2.5.0\spring-boot-2.5.0.jar
2022-11-24 10:18:45.528 [TID: N/A] [restartedMain] DEBUG c.t.w.api.sys.config.HttpsConfig$1 -None of the document roots [src/main/webapp, public, static] point to a directory and will be ignored.
2022-11-24 10:18:47.918 [TID: N/A] [restartedMain] WARN  o.s.b.s.r.RedisStarterDeprecationWarningAutoConfiguration -spring-boot-starter-redis is deprecated as of Spring Boot 1.4, please migrate to spring-boot-starter-data-redis
2022-11-24 10:18:48.001 [TID: N/A] [restartedMain] INFO  c.t.w.WxToolProjectApplication -Started WxToolProjectApplication in 4.782 seconds (JVM running for 6.854)
2022-11-24 10:22:08.964 [TID: N/A] [restartedMain] INFO  c.t.w.WxToolProjectApplication -Starting WxToolProjectApplication using Java 1.8.0_152 on 刘昊岩的电脑 with PID 18568 (D:\project\wxToolProject\target\classes started by liuha in D:\project\wxToolProject)
2022-11-24 10:22:08.968 [TID: N/A] [restartedMain] DEBUG c.t.w.WxToolProjectApplication -Running with Spring Boot v2.5.0, Spring v5.3.7
2022-11-24 10:22:08.968 [TID: N/A] [restartedMain] INFO  c.t.w.WxToolProjectApplication -The following profiles are active: dev
2022-11-24 10:22:09.054 [TID: N/A] [background-preinit] WARN  o.s.h.c.j.Jackson2ObjectMapperBuilder -For Jackson Kotlin classes support please add "com.fasterxml.jackson.module:jackson-module-kotlin" to the classpath
2022-11-24 10:22:10.538 [TID: N/A] [restartedMain] DEBUG c.t.w.api.sys.config.HttpsConfig$1 -Code archive: D:\tool\develop\Config\apache-maven\repository\org\springframework\boot\spring-boot\2.5.0\spring-boot-2.5.0.jar
2022-11-24 10:22:10.538 [TID: N/A] [restartedMain] DEBUG c.t.w.api.sys.config.HttpsConfig$1 -Code archive: D:\tool\develop\Config\apache-maven\repository\org\springframework\boot\spring-boot\2.5.0\spring-boot-2.5.0.jar
2022-11-24 10:22:10.539 [TID: N/A] [restartedMain] DEBUG c.t.w.api.sys.config.HttpsConfig$1 -None of the document roots [src/main/webapp, public, static] point to a directory and will be ignored.
2022-11-24 10:22:13.001 [TID: N/A] [restartedMain] WARN  o.s.b.s.r.RedisStarterDeprecationWarningAutoConfiguration -spring-boot-starter-redis is deprecated as of Spring Boot 1.4, please migrate to spring-boot-starter-data-redis
2022-11-24 10:22:13.072 [TID: N/A] [restartedMain] INFO  c.t.w.WxToolProjectApplication -Started WxToolProjectApplication in 4.725 seconds (JVM running for 6.679)
