2021-06-19 22:09:42.198 [TID: N/A] [restartedMain] INFO  c.t.w.WxToolProjectApplication -Starting WxToolProjectApplication using Java 1.8.0_152 on LAPTOP-GIMKTGR8 with PID 9860 (D:\project\wxToolProject\target\classes started by liuha in D:\project\wxToolProject)
2021-06-19 22:09:42.200 [TID: N/A] [restartedMain] DEBUG c.t.w.WxToolProjectApplication -Running with Spring Boot v2.5.0, Spring v5.3.7
2021-06-19 22:09:42.200 [TID: N/A] [restartedMain] INFO  c.t.w.WxToolProjectApplication -The following profiles are active: dev
2021-06-19 22:09:43.499 [TID: N/A] [restartedMain] DEBUG c.t.w.api.sys.config.HttpsConfig$1 -Code archive: D:\tool\develop\Config\apache-maven\repository\org\springframework\boot\spring-boot\2.5.0\spring-boot-2.5.0.jar
2021-06-19 22:09:43.500 [TID: N/A] [restartedMain] DEBUG c.t.w.api.sys.config.HttpsConfig$1 -Code archive: D:\tool\develop\Config\apache-maven\repository\org\springframework\boot\spring-boot\2.5.0\spring-boot-2.5.0.jar
2021-06-19 22:09:43.500 [TID: N/A] [restartedMain] DEBUG c.t.w.api.sys.config.HttpsConfig$1 -None of the document roots [src/main/webapp, public, static] point to a directory and will be ignored.
2021-06-19 22:09:44.485 [TID: N/A] [restartedMain] WARN  o.s.b.s.r.RedisStarterDeprecationWarningAutoConfiguration -spring-boot-starter-redis is deprecated as of Spring Boot 1.4, please migrate to spring-boot-starter-data-redis
2021-06-19 22:09:44.564 [TID: N/A] [restartedMain] INFO  c.t.w.WxToolProjectApplication -Started WxToolProjectApplication in 2.869 seconds (JVM running for 4.038)
2021-06-19 22:10:00.739 [TID: N/A] [restartedMain] INFO  c.t.w.WxToolProjectApplication -Starting WxToolProjectApplication using Java 1.8.0_152 on LAPTOP-GIMKTGR8 with PID 9860 (D:\project\wxToolProject\target\classes started by liuha in D:\project\wxToolProject)
2021-06-19 22:10:00.739 [TID: N/A] [restartedMain] DEBUG c.t.w.WxToolProjectApplication -Running with Spring Boot v2.5.0, Spring v5.3.7
2021-06-19 22:10:00.739 [TID: N/A] [restartedMain] INFO  c.t.w.WxToolProjectApplication -The following profiles are active: dev
2021-06-19 22:10:00.897 [TID: N/A] [restartedMain] WARN  o.m.s.mapper.ClassPathMapperScanner -No MyBatis mapper was found in '[com.tool.wxtoolproject.api.user.dao]' package. Please check your configuration.
2021-06-19 22:10:01.091 [TID: N/A] [restartedMain] WARN  o.s.b.w.s.c.AnnotationConfigServletWebServerApplicationContext -Exception encountered during context initialization - cancelling refresh attempt: org.springframework.beans.factory.BeanCreationException: Error creating bean with name 'sqlSessionFactory' defined in class path resource [org/mybatis/spring/boot/autoconfigure/MybatisAutoConfiguration.class]: Bean instantiation via factory method failed; nested exception is org.springframework.beans.BeanInstantiationException: Failed to instantiate [org.apache.ibatis.session.SqlSessionFactory]: Factory method 'sqlSessionFactory' threw exception; nested exception is org.springframework.core.NestedIOException: Failed to parse mapping resource: 'file [D:\project\wxToolProject\target\classes\mapper\UserMapper.xml]'; nested exception is org.apache.ibatis.builder.BuilderException: Error parsing Mapper XML. The XML location is 'file [D:\project\wxToolProject\target\classes\mapper\UserMapper.xml]'. Cause: org.apache.ibatis.builder.BuilderException: Error resolving class. Cause: org.apache.ibatis.type.TypeException: Could not resolve type alias 'com.tool.wxtoolproject.api.user.entity.WxUser'.  Cause: java.lang.ClassNotFoundException: Cannot find class: com.tool.wxtoolproject.api.user.entity.WxUser
2021-06-19 22:10:01.103 [TID: N/A] [restartedMain] ERROR o.s.boot.SpringApplication -Application run failed
org.springframework.beans.factory.BeanCreationException: Error creating bean with name 'sqlSessionFactory' defined in class path resource [org/mybatis/spring/boot/autoconfigure/MybatisAutoConfiguration.class]: Bean instantiation via factory method failed; nested exception is org.springframework.beans.BeanInstantiationException: Failed to instantiate [org.apache.ibatis.session.SqlSessionFactory]: Factory method 'sqlSessionFactory' threw exception; nested exception is org.springframework.core.NestedIOException: Failed to parse mapping resource: 'file [D:\project\wxToolProject\target\classes\mapper\UserMapper.xml]'; nested exception is org.apache.ibatis.builder.BuilderException: Error parsing Mapper XML. The XML location is 'file [D:\project\wxToolProject\target\classes\mapper\UserMapper.xml]'. Cause: org.apache.ibatis.builder.BuilderException: Error resolving class. Cause: org.apache.ibatis.type.TypeException: Could not resolve type alias 'com.tool.wxtoolproject.api.user.entity.WxUser'.  Cause: java.lang.ClassNotFoundException: Cannot find class: com.tool.wxtoolproject.api.user.entity.WxUser
	at org.springframework.beans.factory.support.ConstructorResolver.instantiate(ConstructorResolver.java:658)
	at org.springframework.beans.factory.support.ConstructorResolver.instantiateUsingFactoryMethod(ConstructorResolver.java:638)
	at org.springframework.beans.factory.support.AbstractAutowireCapableBeanFactory.instantiateUsingFactoryMethod(AbstractAutowireCapableBeanFactory.java:1334)
	at org.springframework.beans.factory.support.AbstractAutowireCapableBeanFactory.createBeanInstance(AbstractAutowireCapableBeanFactory.java:1177)
	at org.springframework.beans.factory.support.AbstractAutowireCapableBeanFactory.doCreateBean(AbstractAutowireCapableBeanFactory.java:564)
	at org.springframework.beans.factory.support.AbstractAutowireCapableBeanFactory.createBean(AbstractAutowireCapableBeanFactory.java:524)
	at org.springframework.beans.factory.support.AbstractBeanFactory.lambda$doGetBean$0(AbstractBeanFactory.java:335)
	at org.springframework.beans.factory.support.DefaultSingletonBeanRegistry.getSingleton(DefaultSingletonBeanRegistry.java:234)
	at org.springframework.beans.factory.support.AbstractBeanFactory.doGetBean(AbstractBeanFactory.java:333)
	at org.springframework.beans.factory.support.AbstractBeanFactory.getBean(AbstractBeanFactory.java:208)
	at org.springframework.beans.factory.support.DefaultListableBeanFactory.preInstantiateSingletons(DefaultListableBeanFactory.java:944)
	at org.springframework.context.support.AbstractApplicationContext.finishBeanFactoryInitialization(AbstractApplicationContext.java:918)
	at org.springframework.context.support.AbstractApplicationContext.refresh(AbstractApplicationContext.java:583)
	at org.springframework.boot.web.servlet.context.ServletWebServerApplicationContext.refresh(ServletWebServerApplicationContext.java:145)
	at org.springframework.boot.SpringApplication.refresh(SpringApplication.java:758)
	at org.springframework.boot.SpringApplication.refreshContext(SpringApplication.java:438)
	at org.springframework.boot.SpringApplication.run(SpringApplication.java:337)
	at org.springframework.boot.SpringApplication.run(SpringApplication.java:1336)
	at org.springframework.boot.SpringApplication.run(SpringApplication.java:1325)
	at com.tool.wxtoolproject.WxToolProjectApplication.main(WxToolProjectApplication.java:21)
	at sun.reflect.NativeMethodAccessorImpl.invoke0(Native Method)
	at sun.reflect.NativeMethodAccessorImpl.invoke(NativeMethodAccessorImpl.java:62)
	at sun.reflect.DelegatingMethodAccessorImpl.invoke(DelegatingMethodAccessorImpl.java:43)
	at java.lang.reflect.Method.invoke(Method.java:498)
	at org.springframework.boot.devtools.restart.RestartLauncher.run(RestartLauncher.java:49)
Caused by: org.springframework.beans.BeanInstantiationException: Failed to instantiate [org.apache.ibatis.session.SqlSessionFactory]: Factory method 'sqlSessionFactory' threw exception; nested exception is org.springframework.core.NestedIOException: Failed to parse mapping resource: 'file [D:\project\wxToolProject\target\classes\mapper\UserMapper.xml]'; nested exception is org.apache.ibatis.builder.BuilderException: Error parsing Mapper XML. The XML location is 'file [D:\project\wxToolProject\target\classes\mapper\UserMapper.xml]'. Cause: org.apache.ibatis.builder.BuilderException: Error resolving class. Cause: org.apache.ibatis.type.TypeException: Could not resolve type alias 'com.tool.wxtoolproject.api.user.entity.WxUser'.  Cause: java.lang.ClassNotFoundException: Cannot find class: com.tool.wxtoolproject.api.user.entity.WxUser
	at org.springframework.beans.factory.support.SimpleInstantiationStrategy.instantiate(SimpleInstantiationStrategy.java:185)
	at org.springframework.beans.factory.support.ConstructorResolver.instantiate(ConstructorResolver.java:653)
	... 24 common frames omitted
Caused by: org.springframework.core.NestedIOException: Failed to parse mapping resource: 'file [D:\project\wxToolProject\target\classes\mapper\UserMapper.xml]'; nested exception is org.apache.ibatis.builder.BuilderException: Error parsing Mapper XML. The XML location is 'file [D:\project\wxToolProject\target\classes\mapper\UserMapper.xml]'. Cause: org.apache.ibatis.builder.BuilderException: Error resolving class. Cause: org.apache.ibatis.type.TypeException: Could not resolve type alias 'com.tool.wxtoolproject.api.user.entity.WxUser'.  Cause: java.lang.ClassNotFoundException: Cannot find class: com.tool.wxtoolproject.api.user.entity.WxUser
	at org.mybatis.spring.SqlSessionFactoryBean.buildSqlSessionFactory(SqlSessionFactoryBean.java:613)
	at org.mybatis.spring.SqlSessionFactoryBean.afterPropertiesSet(SqlSessionFactoryBean.java:491)
	at org.mybatis.spring.SqlSessionFactoryBean.getObject(SqlSessionFactoryBean.java:633)
	at org.mybatis.spring.boot.autoconfigure.MybatisAutoConfiguration.sqlSessionFactory(MybatisAutoConfiguration.java:179)
	at org.mybatis.spring.boot.autoconfigure.MybatisAutoConfiguration$$EnhancerBySpringCGLIB$$f366e543.CGLIB$sqlSessionFactory$2(<generated>)
	at org.mybatis.spring.boot.autoconfigure.MybatisAutoConfiguration$$EnhancerBySpringCGLIB$$f366e543$$FastClassBySpringCGLIB$$1bce42aa.invoke(<generated>)
	at org.springframework.cglib.proxy.MethodProxy.invokeSuper(MethodProxy.java:244)
	at org.springframework.context.annotation.ConfigurationClassEnhancer$BeanMethodInterceptor.intercept(ConfigurationClassEnhancer.java:331)
	at org.mybatis.spring.boot.autoconfigure.MybatisAutoConfiguration$$EnhancerBySpringCGLIB$$f366e543.sqlSessionFactory(<generated>)
	at sun.reflect.NativeMethodAccessorImpl.invoke0(Native Method)
	at sun.reflect.NativeMethodAccessorImpl.invoke(NativeMethodAccessorImpl.java:62)
	at sun.reflect.DelegatingMethodAccessorImpl.invoke(DelegatingMethodAccessorImpl.java:43)
	at java.lang.reflect.Method.invoke(Method.java:498)
	at org.springframework.beans.factory.support.SimpleInstantiationStrategy.instantiate(SimpleInstantiationStrategy.java:154)
	... 25 common frames omitted
Caused by: org.apache.ibatis.builder.BuilderException: Error parsing Mapper XML. The XML location is 'file [D:\project\wxToolProject\target\classes\mapper\UserMapper.xml]'. Cause: org.apache.ibatis.builder.BuilderException: Error resolving class. Cause: org.apache.ibatis.type.TypeException: Could not resolve type alias 'com.tool.wxtoolproject.api.user.entity.WxUser'.  Cause: java.lang.ClassNotFoundException: Cannot find class: com.tool.wxtoolproject.api.user.entity.WxUser
	at org.apache.ibatis.builder.xml.XMLMapperBuilder.configurationElement(XMLMapperBuilder.java:123)
	at org.apache.ibatis.builder.xml.XMLMapperBuilder.parse(XMLMapperBuilder.java:95)
	at org.mybatis.spring.SqlSessionFactoryBean.buildSqlSessionFactory(SqlSessionFactoryBean.java:611)
	... 38 common frames omitted
Caused by: org.apache.ibatis.builder.BuilderException: Error resolving class. Cause: org.apache.ibatis.type.TypeException: Could not resolve type alias 'com.tool.wxtoolproject.api.user.entity.WxUser'.  Cause: java.lang.ClassNotFoundException: Cannot find class: com.tool.wxtoolproject.api.user.entity.WxUser
	at org.apache.ibatis.builder.BaseBuilder.resolveClass(BaseBuilder.java:118)
	at org.apache.ibatis.builder.xml.XMLStatementBuilder.parseStatementNode(XMLStatementBuilder.java:102)
	at org.apache.ibatis.builder.xml.XMLMapperBuilder.buildStatementFromContext(XMLMapperBuilder.java:138)
	at org.apache.ibatis.builder.xml.XMLMapperBuilder.buildStatementFromContext(XMLMapperBuilder.java:131)
	at org.apache.ibatis.builder.xml.XMLMapperBuilder.configurationElement(XMLMapperBuilder.java:121)
	... 40 common frames omitted
Caused by: org.apache.ibatis.type.TypeException: Could not resolve type alias 'com.tool.wxtoolproject.api.user.entity.WxUser'.  Cause: java.lang.ClassNotFoundException: Cannot find class: com.tool.wxtoolproject.api.user.entity.WxUser
	at org.apache.ibatis.type.TypeAliasRegistry.resolveAlias(TypeAliasRegistry.java:120)
	at org.apache.ibatis.builder.BaseBuilder.resolveAlias(BaseBuilder.java:149)
	at org.apache.ibatis.builder.BaseBuilder.resolveClass(BaseBuilder.java:116)
	... 44 common frames omitted
Caused by: java.lang.ClassNotFoundException: Cannot find class: com.tool.wxtoolproject.api.user.entity.WxUser
	at org.apache.ibatis.io.ClassLoaderWrapper.classForName(ClassLoaderWrapper.java:196)
	at org.apache.ibatis.io.ClassLoaderWrapper.classForName(ClassLoaderWrapper.java:89)
	at org.apache.ibatis.io.Resources.classForName(Resources.java:261)
	at org.apache.ibatis.type.TypeAliasRegistry.resolveAlias(TypeAliasRegistry.java:116)
	... 46 common frames omitted
2021-06-19 22:10:05.494 [TID: N/A] [restartedMain] ERROR o.s.boot.SpringApplication -Application run failed
java.lang.IllegalStateException: java.lang.IllegalStateException: Logback configuration error detected: 
ERROR in com.github.danielwegener.logback.kafka.KafkaAppender[kafka] - error creating producer org.apache.kafka.common.KafkaException: Failed to construct kafka producer
	at org.springframework.boot.context.logging.LoggingApplicationListener.initializeSystem(LoggingApplicationListener.java:327)
	at org.springframework.boot.context.logging.LoggingApplicationListener.initialize(LoggingApplicationListener.java:281)
	at org.springframework.boot.context.logging.LoggingApplicationListener.onApplicationEnvironmentPreparedEvent(LoggingApplicationListener.java:239)
	at org.springframework.boot.context.logging.LoggingApplicationListener.onApplicationEvent(LoggingApplicationListener.java:216)
	at org.springframework.context.event.SimpleApplicationEventMulticaster.doInvokeListener(SimpleApplicationEventMulticaster.java:176)
	at org.springframework.context.event.SimpleApplicationEventMulticaster.invokeListener(SimpleApplicationEventMulticaster.java:169)
	at org.springframework.context.event.SimpleApplicationEventMulticaster.multicastEvent(SimpleApplicationEventMulticaster.java:143)
	at org.springframework.context.event.SimpleApplicationEventMulticaster.multicastEvent(SimpleApplicationEventMulticaster.java:131)
	at org.springframework.boot.context.event.EventPublishingRunListener.environmentPrepared(EventPublishingRunListener.java:82)
	at org.springframework.boot.SpringApplicationRunListeners.lambda$environmentPrepared$2(SpringApplicationRunListeners.java:63)
	at java.util.ArrayList.forEach(ArrayList.java:1257)
	at org.springframework.boot.SpringApplicationRunListeners.doWithListeners(SpringApplicationRunListeners.java:117)
	at org.springframework.boot.SpringApplicationRunListeners.doWithListeners(SpringApplicationRunListeners.java:111)
	at org.springframework.boot.SpringApplicationRunListeners.environmentPrepared(SpringApplicationRunListeners.java:62)
	at org.springframework.boot.SpringApplication.prepareEnvironment(SpringApplication.java:373)
	at org.springframework.boot.SpringApplication.run(SpringApplication.java:331)
	at org.springframework.boot.SpringApplication.run(SpringApplication.java:1336)
	at org.springframework.boot.SpringApplication.run(SpringApplication.java:1325)
	at com.tool.wxtoolproject.WxToolProjectApplication.main(WxToolProjectApplication.java:21)
	at sun.reflect.NativeMethodAccessorImpl.invoke0(Native Method)
	at sun.reflect.NativeMethodAccessorImpl.invoke(NativeMethodAccessorImpl.java:62)
	at sun.reflect.DelegatingMethodAccessorImpl.invoke(DelegatingMethodAccessorImpl.java:43)
	at java.lang.reflect.Method.invoke(Method.java:498)
	at org.springframework.boot.devtools.restart.RestartLauncher.run(RestartLauncher.java:49)
Caused by: java.lang.IllegalStateException: Logback configuration error detected: 
ERROR in com.github.danielwegener.logback.kafka.KafkaAppender[kafka] - error creating producer org.apache.kafka.common.KafkaException: Failed to construct kafka producer
	at org.springframework.boot.logging.logback.LogbackLoggingSystem.loadConfiguration(LogbackLoggingSystem.java:179)
	at org.springframework.boot.logging.AbstractLoggingSystem.initializeWithSpecificConfig(AbstractLoggingSystem.java:66)
	at org.springframework.boot.logging.AbstractLoggingSystem.initialize(AbstractLoggingSystem.java:57)
	at org.springframework.boot.logging.logback.LogbackLoggingSystem.initialize(LogbackLoggingSystem.java:132)
	at org.springframework.boot.context.logging.LoggingApplicationListener.initializeSystem(LoggingApplicationListener.java:315)
	... 23 common frames omitted
2021-06-19 22:10:07.295 [TID: N/A] [main] INFO  c.t.w.WxToolProjectApplicationTests -Starting WxToolProjectApplicationTests using Java 1.8.0_152 on LAPTOP-GIMKTGR8 with PID 13080 (started by liuha in D:\project\wxToolProject)
2021-06-19 22:10:07.297 [TID: N/A] [main] DEBUG c.t.w.WxToolProjectApplicationTests -Running with Spring Boot v2.5.0, Spring v5.3.7
2021-06-19 22:10:07.297 [TID: N/A] [main] INFO  c.t.w.WxToolProjectApplicationTests -The following profiles are active: dev
2021-06-19 22:10:10.319 [TID: N/A] [main] WARN  o.s.b.s.r.RedisStarterDeprecationWarningAutoConfiguration -spring-boot-starter-redis is deprecated as of Spring Boot 1.4, please migrate to spring-boot-starter-data-redis
2021-06-19 22:10:10.393 [TID: N/A] [main] INFO  c.t.w.WxToolProjectApplicationTests -Started WxToolProjectApplicationTests in 3.596 seconds (JVM running for 4.639)
2021-06-19 22:18:14.378 [TID: N/A] [restartedMain] INFO  c.t.w.WxToolProjectApplication -Starting WxToolProjectApplication using Java 1.8.0_152 on LAPTOP-GIMKTGR8 with PID 14756 (D:\project\wxToolProject\target\classes started by liuha in D:\project\wxToolProject)
2021-06-19 22:18:14.381 [TID: N/A] [restartedMain] DEBUG c.t.w.WxToolProjectApplication -Running with Spring Boot v2.5.0, Spring v5.3.7
2021-06-19 22:18:14.381 [TID: N/A] [restartedMain] INFO  c.t.w.WxToolProjectApplication -The following profiles are active: dev
2021-06-19 22:18:15.884 [TID: N/A] [restartedMain] DEBUG c.t.w.api.sys.config.HttpsConfig$1 -Code archive: D:\tool\develop\Config\apache-maven\repository\org\springframework\boot\spring-boot\2.5.0\spring-boot-2.5.0.jar
2021-06-19 22:18:15.884 [TID: N/A] [restartedMain] DEBUG c.t.w.api.sys.config.HttpsConfig$1 -Code archive: D:\tool\develop\Config\apache-maven\repository\org\springframework\boot\spring-boot\2.5.0\spring-boot-2.5.0.jar
2021-06-19 22:18:15.884 [TID: N/A] [restartedMain] DEBUG c.t.w.api.sys.config.HttpsConfig$1 -None of the document roots [src/main/webapp, public, static] point to a directory and will be ignored.
2021-06-19 22:18:16.965 [TID: N/A] [restartedMain] WARN  o.s.b.s.r.RedisStarterDeprecationWarningAutoConfiguration -spring-boot-starter-redis is deprecated as of Spring Boot 1.4, please migrate to spring-boot-starter-data-redis
2021-06-19 22:18:17.042 [TID: N/A] [restartedMain] INFO  c.t.w.WxToolProjectApplication -Started WxToolProjectApplication in 3.282 seconds (JVM running for 4.805)
2021-06-19 22:22:00.341 [TID: N/A] [http-nio-80-exec-9] INFO  c.t.w.api.common.config.BaseConfig -
User-Access-Args:{"protocol":"HTTP/1.1(http)","ip":"0:0:0:0:0:0:0:1","port":"62605","method":"GET","url":"/user/login?userId=4c7a653c-b5e2-4a3b-a233-be4b035002cb","user-agent":"PostmanRuntime/7.28.0","uAT":"null"}
2021-06-19 22:22:00.373 [TID: N/A] [http-nio-80-exec-9] INFO  com.zaxxer.hikari.HikariDataSource -HikariPool-1 - Starting...
2021-06-19 22:22:00.879 [TID: N/A] [http-nio-80-exec-9] INFO  com.zaxxer.hikari.HikariDataSource -HikariPool-1 - Start completed.
2021-06-19 22:22:00.887 [TID: N/A] [http-nio-80-exec-9] DEBUG c.t.w.api.user.dao.UserMapper.query -==>  Preparing: SELECT * FROM wx_user
2021-06-19 22:22:00.910 [TID: N/A] [http-nio-80-exec-9] DEBUG c.t.w.api.user.dao.UserMapper.query -==> Parameters: 
2021-06-19 22:22:00.966 [TID: N/A] [http-nio-80-exec-9] DEBUG c.t.w.api.user.dao.UserMapper.query -<==      Total: 4
2021-06-19 22:22:34.056 [TID: N/A] [http-nio-80-exec-8] INFO  c.t.w.api.common.config.BaseConfig -
User-Access-Args:{"protocol":"HTTP/1.1(http)","ip":"0:0:0:0:0:0:0:1","port":"62605","method":"GET","url":"/user/login?userId=4c7a653c-b5e2-4a3b-a233-be4b035002cb","user-agent":"PostmanRuntime/7.28.0","uAT":"null"}
2021-06-19 22:22:34.085 [TID: N/A] [http-nio-80-exec-8] DEBUG c.t.w.api.user.dao.UserMapper.query -==>  Preparing: SELECT * FROM wx_user
2021-06-19 22:22:34.086 [TID: N/A] [http-nio-80-exec-8] DEBUG c.t.w.api.user.dao.UserMapper.query -==> Parameters: 
2021-06-19 22:22:34.118 [TID: N/A] [http-nio-80-exec-8] DEBUG c.t.w.api.user.dao.UserMapper.query -<==      Total: 4
2021-06-19 22:46:36.186 [TID: N/A] [main] INFO  c.t.w.WxToolProjectApplicationTests -Starting WxToolProjectApplicationTests using Java 1.8.0_152 on LAPTOP-GIMKTGR8 with PID 7076 (started by liuha in D:\project\wxToolProject)
2021-06-19 22:46:36.187 [TID: N/A] [main] DEBUG c.t.w.WxToolProjectApplicationTests -Running with Spring Boot v2.5.0, Spring v5.3.7
2021-06-19 22:46:36.188 [TID: N/A] [main] INFO  c.t.w.WxToolProjectApplicationTests -The following profiles are active: dev
2021-06-19 22:46:39.113 [TID: N/A] [main] WARN  o.s.b.s.r.RedisStarterDeprecationWarningAutoConfiguration -spring-boot-starter-redis is deprecated as of Spring Boot 1.4, please migrate to spring-boot-starter-data-redis
2021-06-19 22:46:39.193 [TID: N/A] [main] INFO  c.t.w.WxToolProjectApplicationTests -Started WxToolProjectApplicationTests in 3.513 seconds (JVM running for 4.473)
