2021-06-02 15:56:17.971 [TID: N/A] [main] INFO  c.l.t.w.WxToolProjectApplication -Starting WxToolProjectApplication using Java 1.8.0_152 on LAPTOP-GIMKTGR8 with PID 5528 (D:\project\wxToolProject\target\classes started by liuha in D:\project\wxToolProject)
2021-06-02 15:56:17.968 [TID: N/A] [background-preinit] INFO  o.h.validator.internal.util.Version -HV000001: Hibernate Validator 6.1.0.Final
2021-06-02 15:56:17.971 [TID: N/A] [main] DEBUG c.l.t.w.WxToolProjectApplication -Running with Spring Boot v2.5.0, Spring v5.3.7
2021-06-02 15:56:17.971 [TID: N/A] [main] INFO  c.l.t.w.WxToolProjectApplication -The following profiles are active: dev
2021-06-02 15:56:18.693 [TID: N/A] [main] WARN  io.undertow.websockets.jsr -UT026010: Buffer pool was not set on WebSocketDeploymentInfo, the default pool will be used
2021-06-02 15:56:18.708 [TID: N/A] [main] INFO  io.undertow.servlet -Initializing Spring embedded WebApplicationContext
2021-06-02 15:56:19.164 [TID: N/A] [main] INFO  io.undertow -starting server: Undertow - 2.2.7.Final
2021-06-02 15:56:19.169 [TID: N/A] [main] INFO  org.xnio -XNIO version 3.8.0.Final
2021-06-02 15:56:19.173 [TID: N/A] [main] INFO  org.xnio.nio -XNIO NIO Implementation Version 3.8.0.Final
2021-06-02 15:56:19.198 [TID: N/A] [main] INFO  org.jboss.threads -JBoss Threads version 3.1.0.Final
2021-06-02 15:56:19.242 [TID: N/A] [main] INFO  c.l.t.w.WxToolProjectApplication -Started WxToolProjectApplication in 1.659 seconds (JVM running for 2.465)
2021-06-02 15:56:45.985 [TID: N/A] [XNIO-1 task-1] INFO  io.undertow.servlet -Initializing Spring DispatcherServlet 'dispatcherServlet'
2021-06-02 15:56:46.016 [TID: N/A] [XNIO-1 task-1] INFO  com.zaxxer.hikari.HikariDataSource -HikariPool-1 - Starting...
2021-06-02 15:56:46.736 [TID: N/A] [XNIO-1 task-1] INFO  com.zaxxer.hikari.HikariDataSource -HikariPool-1 - Start completed.
2021-06-02 15:56:46.741 [TID: N/A] [XNIO-1 task-1] DEBUG c.l.t.w.a.user.dao.UserMapper.query -==>  Preparing: SELECT * FROM wx_user
2021-06-02 15:56:46.767 [TID: N/A] [XNIO-1 task-1] DEBUG c.l.t.w.a.user.dao.UserMapper.query -==> Parameters: 
2021-06-02 15:56:46.830 [TID: N/A] [XNIO-1 task-1] DEBUG c.l.t.w.a.user.dao.UserMapper.query -<==      Total: 1
2021-06-02 15:57:37.700 [TID: N/A] [XNIO-1 task-1] DEBUG c.l.t.w.a.user.dao.UserMapper.query -==>  Preparing: SELECT * FROM wx_user
2021-06-02 15:57:37.701 [TID: N/A] [XNIO-1 task-1] DEBUG c.l.t.w.a.user.dao.UserMapper.query -==> Parameters: 
2021-06-02 15:57:37.736 [TID: N/A] [XNIO-1 task-1] DEBUG c.l.t.w.a.user.dao.UserMapper.query -<==      Total: 1
2021-06-02 15:58:21.432 [TID: N/A] [background-preinit] INFO  o.h.validator.internal.util.Version -HV000001: Hibernate Validator 6.1.0.Final
2021-06-02 15:58:21.436 [TID: N/A] [main] INFO  c.l.t.w.WxToolProjectApplication -Starting WxToolProjectApplication using Java 1.8.0_152 on LAPTOP-GIMKTGR8 with PID 1912 (D:\project\wxToolProject\target\classes started by liuha in D:\project\wxToolProject)
2021-06-02 15:58:21.436 [TID: N/A] [main] DEBUG c.l.t.w.WxToolProjectApplication -Running with Spring Boot v2.5.0, Spring v5.3.7
2021-06-02 15:58:21.436 [TID: N/A] [main] INFO  c.l.t.w.WxToolProjectApplication -The following profiles are active: dev
2021-06-02 15:58:22.062 [TID: N/A] [main] WARN  io.undertow.websockets.jsr -UT026010: Buffer pool was not set on WebSocketDeploymentInfo, the default pool will be used
2021-06-02 15:58:22.074 [TID: N/A] [main] INFO  io.undertow.servlet -Initializing Spring embedded WebApplicationContext
2021-06-02 15:58:22.484 [TID: N/A] [main] INFO  io.undertow -starting server: Undertow - 2.2.7.Final
2021-06-02 15:58:22.488 [TID: N/A] [main] INFO  org.xnio -XNIO version 3.8.0.Final
2021-06-02 15:58:22.492 [TID: N/A] [main] INFO  org.xnio.nio -XNIO NIO Implementation Version 3.8.0.Final
2021-06-02 15:58:22.515 [TID: N/A] [main] INFO  org.jboss.threads -JBoss Threads version 3.1.0.Final
2021-06-02 15:58:22.553 [TID: N/A] [main] INFO  c.l.t.w.WxToolProjectApplication -Started WxToolProjectApplication in 1.465 seconds (JVM running for 2.259)
2021-06-02 15:58:28.951 [TID: N/A] [XNIO-1 task-1] INFO  io.undertow.servlet -Initializing Spring DispatcherServlet 'dispatcherServlet'
2021-06-02 15:58:28.980 [TID: N/A] [XNIO-1 task-1] INFO  com.zaxxer.hikari.HikariDataSource -HikariPool-1 - Starting...
2021-06-02 15:58:30.055 [TID: N/A] [XNIO-1 task-1] INFO  com.zaxxer.hikari.HikariDataSource -HikariPool-1 - Start completed.
2021-06-02 15:58:30.060 [TID: N/A] [XNIO-1 task-1] DEBUG c.l.t.w.a.user.dao.UserMapper.query -==>  Preparing: SELECT * FROM wx_user
2021-06-02 15:58:30.074 [TID: N/A] [XNIO-1 task-1] DEBUG c.l.t.w.a.user.dao.UserMapper.query -==> Parameters: 
2021-06-02 15:58:30.127 [TID: N/A] [XNIO-1 task-1] DEBUG c.l.t.w.a.user.dao.UserMapper.query -<==      Total: 1
2021-06-02 15:58:46.611 [TID: N/A] [XNIO-1 task-1] DEBUG c.l.t.w.a.user.dao.UserMapper.query -==>  Preparing: SELECT * FROM wx_user
2021-06-02 15:58:46.611 [TID: N/A] [XNIO-1 task-1] DEBUG c.l.t.w.a.user.dao.UserMapper.query -==> Parameters: 
2021-06-02 15:58:46.695 [TID: N/A] [XNIO-1 task-1] DEBUG c.l.t.w.a.user.dao.UserMapper.query -<==      Total: 1
2021-06-02 15:58:48.258 [TID: N/A] [XNIO-1 task-1] DEBUG c.l.t.w.a.user.dao.UserMapper.query -==>  Preparing: SELECT * FROM wx_user
2021-06-02 15:58:48.259 [TID: N/A] [XNIO-1 task-1] DEBUG c.l.t.w.a.user.dao.UserMapper.query -==> Parameters: 
2021-06-02 15:58:48.315 [TID: N/A] [XNIO-1 task-1] DEBUG c.l.t.w.a.user.dao.UserMapper.query -<==      Total: 1
2021-06-02 15:59:14.201 [TID: N/A] [background-preinit] INFO  o.h.validator.internal.util.Version -HV000001: Hibernate Validator 6.1.0.Final
2021-06-02 15:59:14.204 [TID: N/A] [main] INFO  c.l.t.w.WxToolProjectApplication -Starting WxToolProjectApplication using Java 1.8.0_152 on LAPTOP-GIMKTGR8 with PID 6020 (D:\project\wxToolProject\target\classes started by liuha in D:\project\wxToolProject)
2021-06-02 15:59:14.204 [TID: N/A] [main] DEBUG c.l.t.w.WxToolProjectApplication -Running with Spring Boot v2.5.0, Spring v5.3.7
2021-06-02 15:59:14.204 [TID: N/A] [main] INFO  c.l.t.w.WxToolProjectApplication -The following profiles are active: dev
2021-06-02 15:59:14.848 [TID: N/A] [main] WARN  io.undertow.websockets.jsr -UT026010: Buffer pool was not set on WebSocketDeploymentInfo, the default pool will be used
2021-06-02 15:59:14.860 [TID: N/A] [main] INFO  io.undertow.servlet -Initializing Spring embedded WebApplicationContext
2021-06-02 15:59:15.270 [TID: N/A] [main] INFO  io.undertow -starting server: Undertow - 2.2.7.Final
2021-06-02 15:59:15.274 [TID: N/A] [main] INFO  org.xnio -XNIO version 3.8.0.Final
2021-06-02 15:59:15.278 [TID: N/A] [main] INFO  org.xnio.nio -XNIO NIO Implementation Version 3.8.0.Final
2021-06-02 15:59:15.301 [TID: N/A] [main] INFO  org.jboss.threads -JBoss Threads version 3.1.0.Final
2021-06-02 15:59:15.338 [TID: N/A] [main] INFO  c.l.t.w.WxToolProjectApplication -Started WxToolProjectApplication in 1.507 seconds (JVM running for 2.36)
2021-06-02 15:59:18.929 [TID: N/A] [XNIO-1 task-1] INFO  io.undertow.servlet -Initializing Spring DispatcherServlet 'dispatcherServlet'
2021-06-02 15:59:18.957 [TID: N/A] [XNIO-1 task-1] INFO  com.zaxxer.hikari.HikariDataSource -HikariPool-1 - Starting...
2021-06-02 15:59:19.615 [TID: N/A] [XNIO-1 task-1] INFO  com.zaxxer.hikari.HikariDataSource -HikariPool-1 - Start completed.
2021-06-02 15:59:19.621 [TID: N/A] [XNIO-1 task-1] DEBUG c.l.t.w.a.user.dao.UserMapper.query -==>  Preparing: SELECT * FROM wx_user
2021-06-02 15:59:19.635 [TID: N/A] [XNIO-1 task-1] DEBUG c.l.t.w.a.user.dao.UserMapper.query -==> Parameters: 
2021-06-02 15:59:19.687 [TID: N/A] [XNIO-1 task-1] DEBUG c.l.t.w.a.user.dao.UserMapper.query -<==      Total: 1
2021-06-02 15:59:38.219 [TID: N/A] [XNIO-1 task-1] DEBUG c.l.t.w.a.user.dao.UserMapper.query -==>  Preparing: SELECT * FROM wx_user
2021-06-02 15:59:38.219 [TID: N/A] [XNIO-1 task-1] DEBUG c.l.t.w.a.user.dao.UserMapper.query -==> Parameters: 
2021-06-02 15:59:38.253 [TID: N/A] [XNIO-1 task-1] DEBUG c.l.t.w.a.user.dao.UserMapper.query -<==      Total: 1
2021-06-02 15:59:43.176 [TID: N/A] [XNIO-1 task-1] DEBUG c.l.t.w.a.user.dao.UserMapper.query -==>  Preparing: SELECT * FROM wx_user
2021-06-02 15:59:43.176 [TID: N/A] [XNIO-1 task-1] DEBUG c.l.t.w.a.user.dao.UserMapper.query -==> Parameters: 
2021-06-02 15:59:43.211 [TID: N/A] [XNIO-1 task-1] DEBUG c.l.t.w.a.user.dao.UserMapper.query -<==      Total: 1
2021-06-02 15:59:52.118 [TID: N/A] [XNIO-1 task-1] DEBUG c.l.t.w.a.user.dao.UserMapper.query -==>  Preparing: SELECT * FROM wx_user
2021-06-02 15:59:52.118 [TID: N/A] [XNIO-1 task-1] DEBUG c.l.t.w.a.user.dao.UserMapper.query -==> Parameters: 
2021-06-02 15:59:52.156 [TID: N/A] [XNIO-1 task-1] DEBUG c.l.t.w.a.user.dao.UserMapper.query -<==      Total: 1
2021-06-02 15:59:56.580 [TID: N/A] [XNIO-1 task-1] DEBUG c.l.t.w.a.user.dao.UserMapper.query -==>  Preparing: SELECT * FROM wx_user
2021-06-02 15:59:56.581 [TID: N/A] [XNIO-1 task-1] DEBUG c.l.t.w.a.user.dao.UserMapper.query -==> Parameters: 
2021-06-02 15:59:56.615 [TID: N/A] [XNIO-1 task-1] DEBUG c.l.t.w.a.user.dao.UserMapper.query -<==      Total: 1
2021-06-02 16:03:58.779 [TID: N/A] [background-preinit] INFO  o.h.validator.internal.util.Version -HV000001: Hibernate Validator 6.1.0.Final
2021-06-02 16:03:58.783 [TID: N/A] [restartedMain] INFO  c.l.t.w.WxToolProjectApplication -Starting WxToolProjectApplication using Java 1.8.0_152 on LAPTOP-GIMKTGR8 with PID 20780 (D:\project\wxToolProject\target\classes started by liuha in D:\project\wxToolProject)
2021-06-02 16:03:58.784 [TID: N/A] [restartedMain] DEBUG c.l.t.w.WxToolProjectApplication -Running with Spring Boot v2.5.0, Spring v5.3.7
2021-06-02 16:03:58.784 [TID: N/A] [restartedMain] INFO  c.l.t.w.WxToolProjectApplication -The following profiles are active: dev
2021-06-02 16:03:59.680 [TID: N/A] [restartedMain] WARN  io.undertow.websockets.jsr -UT026010: Buffer pool was not set on WebSocketDeploymentInfo, the default pool will be used
2021-06-02 16:03:59.710 [TID: N/A] [restartedMain] INFO  io.undertow.servlet -Initializing Spring embedded WebApplicationContext
2021-06-02 16:04:00.240 [TID: N/A] [restartedMain] INFO  io.undertow -starting server: Undertow - 2.2.7.Final
2021-06-02 16:04:00.244 [TID: N/A] [restartedMain] INFO  org.xnio -XNIO version 3.8.0.Final
2021-06-02 16:04:00.247 [TID: N/A] [restartedMain] INFO  org.xnio.nio -XNIO NIO Implementation Version 3.8.0.Final
2021-06-02 16:04:00.270 [TID: N/A] [restartedMain] INFO  org.jboss.threads -JBoss Threads version 3.1.0.Final
2021-06-02 16:04:00.314 [TID: N/A] [restartedMain] INFO  c.l.t.w.WxToolProjectApplication -Started WxToolProjectApplication in 1.893 seconds (JVM running for 2.7)
2021-06-02 16:04:19.625 [TID: N/A] [XNIO-1 task-1] INFO  io.undertow.servlet -Initializing Spring DispatcherServlet 'dispatcherServlet'
2021-06-02 16:04:19.654 [TID: N/A] [XNIO-1 task-1] INFO  com.zaxxer.hikari.HikariDataSource -HikariPool-1 - Starting...
2021-06-02 16:04:20.054 [TID: N/A] [XNIO-1 task-1] INFO  com.zaxxer.hikari.HikariDataSource -HikariPool-1 - Start completed.
2021-06-02 16:04:20.059 [TID: N/A] [XNIO-1 task-1] DEBUG c.l.t.w.a.user.dao.UserMapper.query -==>  Preparing: SELECT * FROM wx_user
2021-06-02 16:04:20.072 [TID: N/A] [XNIO-1 task-1] DEBUG c.l.t.w.a.user.dao.UserMapper.query -==> Parameters: 
2021-06-02 16:04:20.124 [TID: N/A] [XNIO-1 task-1] DEBUG c.l.t.w.a.user.dao.UserMapper.query -<==      Total: 1
2021-06-02 16:04:32.821 [TID: N/A] [XNIO-1 task-1] DEBUG c.l.t.w.a.user.dao.UserMapper.query -==>  Preparing: SELECT * FROM wx_user
2021-06-02 16:04:32.821 [TID: N/A] [XNIO-1 task-1] DEBUG c.l.t.w.a.user.dao.UserMapper.query -==> Parameters: 
2021-06-02 16:04:32.866 [TID: N/A] [XNIO-1 task-1] DEBUG c.l.t.w.a.user.dao.UserMapper.query -<==      Total: 1
2021-06-02 16:04:33.838 [TID: N/A] [XNIO-1 task-1] DEBUG c.l.t.w.a.user.dao.UserMapper.query -==>  Preparing: SELECT * FROM wx_user
2021-06-02 16:04:33.839 [TID: N/A] [XNIO-1 task-1] DEBUG c.l.t.w.a.user.dao.UserMapper.query -==> Parameters: 
2021-06-02 16:04:33.877 [TID: N/A] [XNIO-1 task-1] DEBUG c.l.t.w.a.user.dao.UserMapper.query -<==      Total: 1
2021-06-02 16:04:44.824 [TID: N/A] [XNIO-1 task-1] DEBUG c.l.t.w.a.user.dao.UserMapper.query -==>  Preparing: SELECT * FROM wx_user
2021-06-02 16:04:44.825 [TID: N/A] [XNIO-1 task-1] DEBUG c.l.t.w.a.user.dao.UserMapper.query -==> Parameters: 
2021-06-02 16:04:44.859 [TID: N/A] [XNIO-1 task-1] DEBUG c.l.t.w.a.user.dao.UserMapper.query -<==      Total: 1
2021-06-02 16:05:02.981 [TID: N/A] [Thread-8] INFO  io.undertow -stopping server: Undertow - 2.2.7.Final
2021-06-02 16:05:02.983 [TID: N/A] [Thread-8] INFO  io.undertow.servlet -Destroying Spring FrameworkServlet 'dispatcherServlet'
2021-06-02 16:05:02.988 [TID: N/A] [Thread-8] INFO  com.zaxxer.hikari.HikariDataSource -HikariPool-1 - Shutdown initiated...
2021-06-02 16:05:03.004 [TID: N/A] [Thread-8] INFO  com.zaxxer.hikari.HikariDataSource -HikariPool-1 - Shutdown completed.
2021-06-02 16:05:03.132 [TID: N/A] [restartedMain] INFO  c.l.t.w.WxToolProjectApplication -Starting WxToolProjectApplication using Java 1.8.0_152 on LAPTOP-GIMKTGR8 with PID 20780 (D:\project\wxToolProject\target\classes started by liuha in D:\project\wxToolProject)
2021-06-02 16:05:03.132 [TID: N/A] [restartedMain] DEBUG c.l.t.w.WxToolProjectApplication -Running with Spring Boot v2.5.0, Spring v5.3.7
2021-06-02 16:05:03.132 [TID: N/A] [restartedMain] INFO  c.l.t.w.WxToolProjectApplication -The following profiles are active: dev
2021-06-02 16:05:03.409 [TID: N/A] [restartedMain] WARN  io.undertow.websockets.jsr -UT026010: Buffer pool was not set on WebSocketDeploymentInfo, the default pool will be used
2021-06-02 16:05:03.410 [TID: N/A] [restartedMain] INFO  io.undertow.servlet -Initializing Spring embedded WebApplicationContext
2021-06-02 16:05:03.525 [TID: N/A] [restartedMain] INFO  io.undertow -starting server: Undertow - 2.2.7.Final
2021-06-02 16:05:03.535 [TID: N/A] [restartedMain] INFO  c.l.t.w.WxToolProjectApplication -Started WxToolProjectApplication in 0.438 seconds (JVM running for 65.921)
2021-06-02 16:05:04.953 [TID: N/A] [Thread-10] INFO  io.undertow -stopping server: Undertow - 2.2.7.Final
2021-06-02 16:05:05.098 [TID: N/A] [restartedMain] INFO  c.l.t.w.WxToolProjectApplication -Starting WxToolProjectApplication using Java 1.8.0_152 on LAPTOP-GIMKTGR8 with PID 20780 (D:\project\wxToolProject\target\classes started by liuha in D:\project\wxToolProject)
2021-06-02 16:05:05.098 [TID: N/A] [restartedMain] DEBUG c.l.t.w.WxToolProjectApplication -Running with Spring Boot v2.5.0, Spring v5.3.7
2021-06-02 16:05:05.099 [TID: N/A] [restartedMain] INFO  c.l.t.w.WxToolProjectApplication -The following profiles are active: dev
2021-06-02 16:05:05.264 [TID: N/A] [restartedMain] WARN  io.undertow.websockets.jsr -UT026010: Buffer pool was not set on WebSocketDeploymentInfo, the default pool will be used
2021-06-02 16:05:05.265 [TID: N/A] [restartedMain] INFO  io.undertow.servlet -Initializing Spring embedded WebApplicationContext
2021-06-02 16:05:05.366 [TID: N/A] [restartedMain] INFO  io.undertow -starting server: Undertow - 2.2.7.Final
2021-06-02 16:05:05.375 [TID: N/A] [restartedMain] INFO  c.l.t.w.WxToolProjectApplication -Started WxToolProjectApplication in 0.308 seconds (JVM running for 67.76)
2021-06-02 16:05:17.167 [TID: N/A] [XNIO-3 task-1] INFO  io.undertow.servlet -Initializing Spring DispatcherServlet 'dispatcherServlet'
2021-06-02 16:05:17.170 [TID: N/A] [XNIO-3 task-1] INFO  com.zaxxer.hikari.HikariDataSource -HikariPool-2 - Starting...
2021-06-02 16:05:17.506 [TID: N/A] [XNIO-3 task-1] INFO  com.zaxxer.hikari.HikariDataSource -HikariPool-2 - Start completed.
2021-06-02 16:05:17.506 [TID: N/A] [XNIO-3 task-1] DEBUG c.l.t.w.a.user.dao.UserMapper.query -==>  Preparing: SELECT * FROM wx_user
2021-06-02 16:05:17.507 [TID: N/A] [XNIO-3 task-1] DEBUG c.l.t.w.a.user.dao.UserMapper.query -==> Parameters: 
2021-06-02 16:05:17.540 [TID: N/A] [XNIO-3 task-1] DEBUG c.l.t.w.a.user.dao.UserMapper.query -<==      Total: 1
2021-06-02 16:05:41.579 [TID: N/A] [Thread-15] INFO  io.undertow -stopping server: Undertow - 2.2.7.Final
2021-06-02 16:05:41.580 [TID: N/A] [Thread-15] INFO  io.undertow.servlet -Destroying Spring FrameworkServlet 'dispatcherServlet'
2021-06-02 16:05:41.583 [TID: N/A] [Thread-15] INFO  com.zaxxer.hikari.HikariDataSource -HikariPool-2 - Shutdown initiated...
2021-06-02 16:05:41.586 [TID: N/A] [Thread-15] INFO  com.zaxxer.hikari.HikariDataSource -HikariPool-2 - Shutdown completed.
2021-06-02 16:05:41.721 [TID: N/A] [restartedMain] INFO  c.l.t.w.WxToolProjectApplication -Starting WxToolProjectApplication using Java 1.8.0_152 on LAPTOP-GIMKTGR8 with PID 20780 (D:\project\wxToolProject\target\classes started by liuha in D:\project\wxToolProject)
2021-06-02 16:05:41.721 [TID: N/A] [restartedMain] DEBUG c.l.t.w.WxToolProjectApplication -Running with Spring Boot v2.5.0, Spring v5.3.7
2021-06-02 16:05:41.721 [TID: N/A] [restartedMain] INFO  c.l.t.w.WxToolProjectApplication -The following profiles are active: dev
2021-06-02 16:05:41.930 [TID: N/A] [restartedMain] WARN  io.undertow.websockets.jsr -UT026010: Buffer pool was not set on WebSocketDeploymentInfo, the default pool will be used
2021-06-02 16:05:41.931 [TID: N/A] [restartedMain] INFO  io.undertow.servlet -Initializing Spring embedded WebApplicationContext
2021-06-02 16:05:42.032 [TID: N/A] [restartedMain] INFO  io.undertow -starting server: Undertow - 2.2.7.Final
2021-06-02 16:05:42.042 [TID: N/A] [restartedMain] INFO  c.l.t.w.WxToolProjectApplication -Started WxToolProjectApplication in 0.35 seconds (JVM running for 104.427)
2021-06-02 16:05:43.468 [TID: N/A] [Thread-20] INFO  io.undertow -stopping server: Undertow - 2.2.7.Final
2021-06-02 16:05:43.588 [TID: N/A] [restartedMain] INFO  c.l.t.w.WxToolProjectApplication -Starting WxToolProjectApplication using Java 1.8.0_152 on LAPTOP-GIMKTGR8 with PID 20780 (D:\project\wxToolProject\target\classes started by liuha in D:\project\wxToolProject)
2021-06-02 16:05:43.588 [TID: N/A] [restartedMain] DEBUG c.l.t.w.WxToolProjectApplication -Running with Spring Boot v2.5.0, Spring v5.3.7
2021-06-02 16:05:43.588 [TID: N/A] [restartedMain] INFO  c.l.t.w.WxToolProjectApplication -The following profiles are active: dev
2021-06-02 16:05:43.742 [TID: N/A] [restartedMain] WARN  io.undertow.websockets.jsr -UT026010: Buffer pool was not set on WebSocketDeploymentInfo, the default pool will be used
2021-06-02 16:05:43.743 [TID: N/A] [restartedMain] INFO  io.undertow.servlet -Initializing Spring embedded WebApplicationContext
2021-06-02 16:05:43.840 [TID: N/A] [restartedMain] INFO  io.undertow -starting server: Undertow - 2.2.7.Final
2021-06-02 16:05:43.848 [TID: N/A] [restartedMain] INFO  c.l.t.w.WxToolProjectApplication -Started WxToolProjectApplication in 0.284 seconds (JVM running for 106.234)
2021-06-02 16:05:51.118 [TID: N/A] [XNIO-5 task-1] INFO  io.undertow.servlet -Initializing Spring DispatcherServlet 'dispatcherServlet'
2021-06-02 16:05:51.120 [TID: N/A] [XNIO-5 task-1] INFO  com.zaxxer.hikari.HikariDataSource -HikariPool-3 - Starting...
2021-06-02 16:05:51.495 [TID: N/A] [XNIO-5 task-1] INFO  com.zaxxer.hikari.HikariDataSource -HikariPool-3 - Start completed.
2021-06-02 16:05:51.496 [TID: N/A] [XNIO-5 task-1] DEBUG c.l.t.w.a.user.dao.UserMapper.query -==>  Preparing: SELECT * FROM wx_user
2021-06-02 16:05:51.496 [TID: N/A] [XNIO-5 task-1] DEBUG c.l.t.w.a.user.dao.UserMapper.query -==> Parameters: 
2021-06-02 16:05:51.534 [TID: N/A] [XNIO-5 task-1] DEBUG c.l.t.w.a.user.dao.UserMapper.query -<==      Total: 1
2021-06-02 16:17:46.049 [TID: N/A] [background-preinit] INFO  o.h.validator.internal.util.Version -HV000001: Hibernate Validator 6.1.0.Final
2021-06-02 16:17:46.060 [TID: N/A] [restartedMain] INFO  c.l.t.w.WxToolProjectApplication -Starting WxToolProjectApplication using Java 1.8.0_152 on LAPTOP-GIMKTGR8 with PID 22256 (D:\project\wxToolProject\target\classes started by liuha in D:\project\wxToolProject)
2021-06-02 16:17:46.061 [TID: N/A] [restartedMain] DEBUG c.l.t.w.WxToolProjectApplication -Running with Spring Boot v2.5.0, Spring v5.3.7
2021-06-02 16:17:46.061 [TID: N/A] [restartedMain] INFO  c.l.t.w.WxToolProjectApplication -The following profiles are active: dev
2021-06-02 16:17:47.090 [TID: N/A] [restartedMain] WARN  io.undertow.websockets.jsr -UT026010: Buffer pool was not set on WebSocketDeploymentInfo, the default pool will be used
2021-06-02 16:17:47.123 [TID: N/A] [restartedMain] INFO  io.undertow.servlet -Initializing Spring embedded WebApplicationContext
2021-06-02 16:17:47.816 [TID: N/A] [restartedMain] INFO  io.undertow -starting server: Undertow - 2.2.7.Final
2021-06-02 16:17:47.822 [TID: N/A] [restartedMain] INFO  org.xnio -XNIO version 3.8.0.Final
2021-06-02 16:17:47.827 [TID: N/A] [restartedMain] INFO  org.xnio.nio -XNIO NIO Implementation Version 3.8.0.Final
2021-06-02 16:17:47.857 [TID: N/A] [restartedMain] INFO  org.jboss.threads -JBoss Threads version 3.1.0.Final
2021-06-02 16:17:47.912 [TID: N/A] [restartedMain] INFO  c.l.t.w.WxToolProjectApplication -Started WxToolProjectApplication in 2.362 seconds (JVM running for 3.414)
2021-06-02 16:27:28.570 [TID: N/A] [Thread-8] INFO  io.undertow -stopping server: Undertow - 2.2.7.Final
2021-06-02 16:27:28.810 [TID: N/A] [restartedMain] ERROR o.s.boot.SpringApplication -Application run failed
java.lang.IllegalStateException: java.lang.IllegalStateException: Logback configuration error detected: 
ERROR in ch.qos.logback.classic.joran.action.ContextNameAction - Failed to rename context [SmartVillage] as [wxToolProject] java.lang.IllegalStateException: Context has been already given a name
	at org.springframework.boot.context.logging.LoggingApplicationListener.initializeSystem(LoggingApplicationListener.java:327)
	at org.springframework.boot.context.logging.LoggingApplicationListener.initialize(LoggingApplicationListener.java:281)
	at org.springframework.boot.context.logging.LoggingApplicationListener.onApplicationEnvironmentPreparedEvent(LoggingApplicationListener.java:239)
	at org.springframework.boot.context.logging.LoggingApplicationListener.onApplicationEvent(LoggingApplicationListener.java:216)
	at org.springframework.context.event.SimpleApplicationEventMulticaster.doInvokeListener(SimpleApplicationEventMulticaster.java:176)
	at org.springframework.context.event.SimpleApplicationEventMulticaster.invokeListener(SimpleApplicationEventMulticaster.java:169)
	at org.springframework.context.event.SimpleApplicationEventMulticaster.multicastEvent(SimpleApplicationEventMulticaster.java:143)
	at org.springframework.context.event.SimpleApplicationEventMulticaster.multicastEvent(SimpleApplicationEventMulticaster.java:131)
	at org.springframework.boot.context.event.EventPublishingRunListener.environmentPrepared(EventPublishingRunListener.java:82)
	at org.springframework.boot.SpringApplicationRunListeners.lambda$environmentPrepared$2(SpringApplicationRunListeners.java:63)
	at java.util.ArrayList.forEach(ArrayList.java:1257)
	at org.springframework.boot.SpringApplicationRunListeners.doWithListeners(SpringApplicationRunListeners.java:117)
	at org.springframework.boot.SpringApplicationRunListeners.doWithListeners(SpringApplicationRunListeners.java:111)
	at org.springframework.boot.SpringApplicationRunListeners.environmentPrepared(SpringApplicationRunListeners.java:62)
	at org.springframework.boot.SpringApplication.prepareEnvironment(SpringApplication.java:373)
	at org.springframework.boot.SpringApplication.run(SpringApplication.java:331)
	at org.springframework.boot.SpringApplication.run(SpringApplication.java:1336)
	at org.springframework.boot.SpringApplication.run(SpringApplication.java:1325)
	at com.liuhy.tool.wxtoolproject.WxToolProjectApplication.main(WxToolProjectApplication.java:19)
	at sun.reflect.NativeMethodAccessorImpl.invoke0(Native Method)
	at sun.reflect.NativeMethodAccessorImpl.invoke(NativeMethodAccessorImpl.java:62)
	at sun.reflect.DelegatingMethodAccessorImpl.invoke(DelegatingMethodAccessorImpl.java:43)
	at java.lang.reflect.Method.invoke(Method.java:498)
	at org.springframework.boot.devtools.restart.RestartLauncher.run(RestartLauncher.java:49)
Caused by: java.lang.IllegalStateException: Logback configuration error detected: 
ERROR in ch.qos.logback.classic.joran.action.ContextNameAction - Failed to rename context [SmartVillage] as [wxToolProject] java.lang.IllegalStateException: Context has been already given a name
	at org.springframework.boot.logging.logback.LogbackLoggingSystem.loadConfiguration(LogbackLoggingSystem.java:179)
	at org.springframework.boot.logging.AbstractLoggingSystem.initializeWithSpecificConfig(AbstractLoggingSystem.java:66)
	at org.springframework.boot.logging.AbstractLoggingSystem.initialize(AbstractLoggingSystem.java:57)
	at org.springframework.boot.logging.logback.LogbackLoggingSystem.initialize(LogbackLoggingSystem.java:132)
	at org.springframework.boot.context.logging.LoggingApplicationListener.initializeSystem(LoggingApplicationListener.java:315)
	... 23 common frames omitted
2021-06-02 16:28:12.774 [TID: N/A] [background-preinit] INFO  o.h.validator.internal.util.Version -HV000001: Hibernate Validator 6.1.0.Final
2021-06-02 16:28:12.784 [TID: N/A] [restartedMain] INFO  c.l.t.w.WxToolProjectApplication -Starting WxToolProjectApplication using Java 1.8.0_152 on LAPTOP-GIMKTGR8 with PID 1568 (D:\project\wxToolProject\target\classes started by liuha in D:\project\wxToolProject)
2021-06-02 16:28:12.785 [TID: N/A] [restartedMain] DEBUG c.l.t.w.WxToolProjectApplication -Running with Spring Boot v2.5.0, Spring v5.3.7
2021-06-02 16:28:12.785 [TID: N/A] [restartedMain] INFO  c.l.t.w.WxToolProjectApplication -The following profiles are active: dev
2021-06-02 16:28:13.754 [TID: N/A] [restartedMain] WARN  io.undertow.websockets.jsr -UT026010: Buffer pool was not set on WebSocketDeploymentInfo, the default pool will be used
2021-06-02 16:28:13.781 [TID: N/A] [restartedMain] INFO  io.undertow.servlet -Initializing Spring embedded WebApplicationContext
2021-06-02 16:28:14.374 [TID: N/A] [restartedMain] INFO  io.undertow -starting server: Undertow - 2.2.7.Final
2021-06-02 16:28:14.379 [TID: N/A] [restartedMain] INFO  org.xnio -XNIO version 3.8.0.Final
2021-06-02 16:28:14.385 [TID: N/A] [restartedMain] INFO  org.xnio.nio -XNIO NIO Implementation Version 3.8.0.Final
2021-06-02 16:28:14.419 [TID: N/A] [restartedMain] INFO  org.jboss.threads -JBoss Threads version 3.1.0.Final
2021-06-02 16:28:14.477 [TID: N/A] [restartedMain] INFO  c.l.t.w.WxToolProjectApplication -Started WxToolProjectApplication in 2.182 seconds (JVM running for 3.251)
2021-06-02 16:28:27.230 [TID: N/A] [XNIO-1 task-1] INFO  io.undertow.servlet -Initializing Spring DispatcherServlet 'dispatcherServlet'
2021-06-02 16:28:27.260 [TID: N/A] [XNIO-1 task-1] INFO  com.zaxxer.hikari.HikariDataSource -HikariPool-1 - Starting...
2021-06-02 16:28:28.774 [TID: N/A] [XNIO-1 task-1] INFO  com.zaxxer.hikari.HikariDataSource -HikariPool-1 - Start completed.
2021-06-02 16:28:28.779 [TID: N/A] [XNIO-1 task-1] DEBUG c.l.t.w.a.user.dao.UserMapper.query -==>  Preparing: SELECT * FROM wx_user
2021-06-02 16:28:28.793 [TID: N/A] [XNIO-1 task-1] DEBUG c.l.t.w.a.user.dao.UserMapper.query -==> Parameters: 
2021-06-02 16:28:28.851 [TID: N/A] [XNIO-1 task-1] DEBUG c.l.t.w.a.user.dao.UserMapper.query -<==      Total: 1
