2022-07-05 08:39:24.832 [TID: N/A] [main] WARN  o.s.b.t.j.DuplicateJsonObjectContextCustomizerFactory$DuplicateJsonObjectContextCustomizer -

Found multiple occurrences of org.json.JSONObject on the class path:

	jar:file:/D:/tool/develop/Config/apache-maven/repository/com/vaadin/external/google/android-json/0.0.20131108.vaadin1/android-json-0.0.20131108.vaadin1.jar!/org/json/JSONObject.class
	jar:file:/D:/tool/develop/Config/apache-maven/repository/org/json/json/20160810/json-20160810.jar!/org/json/JSONObject.class

You may wish to exclude one of them to ensure predictable runtime behavior

2022-07-05 08:39:24.989 [TID: N/A] [main] INFO  c.t.w.WxToolProjectApplicationTests -Starting WxToolProjectApplicationTests using Java 1.8.0_152 on 刘昊岩的电脑 with PID 13648 (started by liuha in D:\project\wxToolProject)
2022-07-05 08:39:24.989 [TID: N/A] [main] DEBUG c.t.w.WxToolProjectApplicationTests -Running with Spring Boot v2.5.0, Spring v5.3.7
2022-07-05 08:39:24.989 [TID: N/A] [main] INFO  c.t.w.WxToolProjectApplicationTests -The following profiles are active: dev
2022-07-05 08:39:29.121 [TID: N/A] [main] WARN  o.s.b.s.r.RedisStarterDeprecationWarningAutoConfiguration -spring-boot-starter-redis is deprecated as of Spring Boot 1.4, please migrate to spring-boot-starter-data-redis
2022-07-05 08:39:29.159 [TID: N/A] [main] INFO  c.t.w.WxToolProjectApplicationTests -Started WxToolProjectApplicationTests in 4.936 seconds (JVM running for 6.176)
2022-07-05 08:40:03.281 [TID: N/A] [main] WARN  o.s.b.t.j.DuplicateJsonObjectContextCustomizerFactory$DuplicateJsonObjectContextCustomizer -

Found multiple occurrences of org.json.JSONObject on the class path:

	jar:file:/D:/tool/develop/Config/apache-maven/repository/com/vaadin/external/google/android-json/0.0.20131108.vaadin1/android-json-0.0.20131108.vaadin1.jar!/org/json/JSONObject.class
	jar:file:/D:/tool/develop/Config/apache-maven/repository/org/json/json/20160810/json-20160810.jar!/org/json/JSONObject.class

You may wish to exclude one of them to ensure predictable runtime behavior

2022-07-05 08:40:03.396 [TID: N/A] [main] INFO  c.t.w.WxToolProjectApplicationTests -Starting WxToolProjectApplicationTests using Java 1.8.0_152 on 刘昊岩的电脑 with PID 14304 (started by liuha in D:\project\wxToolProject)
2022-07-05 08:40:03.396 [TID: N/A] [main] DEBUG c.t.w.WxToolProjectApplicationTests -Running with Spring Boot v2.5.0, Spring v5.3.7
2022-07-05 08:40:03.396 [TID: N/A] [main] INFO  c.t.w.WxToolProjectApplicationTests -The following profiles are active: dev
2022-07-05 08:40:06.969 [TID: N/A] [main] WARN  o.s.b.s.r.RedisStarterDeprecationWarningAutoConfiguration -spring-boot-starter-redis is deprecated as of Spring Boot 1.4, please migrate to spring-boot-starter-data-redis
2022-07-05 08:40:07.017 [TID: N/A] [main] INFO  c.t.w.WxToolProjectApplicationTests -Started WxToolProjectApplicationTests in 4.196 seconds (JVM running for 5.417)
2022-07-05 08:50:00.931 [TID: N/A] [main] WARN  o.s.b.t.j.DuplicateJsonObjectContextCustomizerFactory$DuplicateJsonObjectContextCustomizer -

Found multiple occurrences of org.json.JSONObject on the class path:

	jar:file:/D:/tool/develop/Config/apache-maven/repository/com/vaadin/external/google/android-json/0.0.20131108.vaadin1/android-json-0.0.20131108.vaadin1.jar!/org/json/JSONObject.class
	jar:file:/D:/tool/develop/Config/apache-maven/repository/org/json/json/20160810/json-20160810.jar!/org/json/JSONObject.class

You may wish to exclude one of them to ensure predictable runtime behavior

2022-07-05 08:50:01.039 [TID: N/A] [main] INFO  c.t.w.WxToolProjectApplicationTests -Starting WxToolProjectApplicationTests using Java 1.8.0_152 on 刘昊岩的电脑 with PID 10484 (started by liuha in D:\project\wxToolProject)
2022-07-05 08:50:01.039 [TID: N/A] [main] DEBUG c.t.w.WxToolProjectApplicationTests -Running with Spring Boot v2.5.0, Spring v5.3.7
2022-07-05 08:50:01.039 [TID: N/A] [main] INFO  c.t.w.WxToolProjectApplicationTests -The following profiles are active: dev
2022-07-05 08:50:04.875 [TID: N/A] [main] WARN  o.s.b.s.r.RedisStarterDeprecationWarningAutoConfiguration -spring-boot-starter-redis is deprecated as of Spring Boot 1.4, please migrate to spring-boot-starter-data-redis
2022-07-05 08:50:04.922 [TID: N/A] [main] INFO  c.t.w.WxToolProjectApplicationTests -Started WxToolProjectApplicationTests in 4.511 seconds (JVM running for 5.805)
2022-07-05 08:50:26.298 [TID: N/A] [main] WARN  o.s.b.t.j.DuplicateJsonObjectContextCustomizerFactory$DuplicateJsonObjectContextCustomizer -

Found multiple occurrences of org.json.JSONObject on the class path:

	jar:file:/D:/tool/develop/Config/apache-maven/repository/com/vaadin/external/google/android-json/0.0.20131108.vaadin1/android-json-0.0.20131108.vaadin1.jar!/org/json/JSONObject.class
	jar:file:/D:/tool/develop/Config/apache-maven/repository/org/json/json/20160810/json-20160810.jar!/org/json/JSONObject.class

You may wish to exclude one of them to ensure predictable runtime behavior

2022-07-05 08:50:26.440 [TID: N/A] [main] INFO  c.t.w.WxToolProjectApplicationTests -Starting WxToolProjectApplicationTests using Java 1.8.0_152 on 刘昊岩的电脑 with PID 22392 (started by liuha in D:\project\wxToolProject)
2022-07-05 08:50:26.440 [TID: N/A] [main] DEBUG c.t.w.WxToolProjectApplicationTests -Running with Spring Boot v2.5.0, Spring v5.3.7
2022-07-05 08:50:26.440 [TID: N/A] [main] INFO  c.t.w.WxToolProjectApplicationTests -The following profiles are active: dev
2022-07-05 08:50:30.262 [TID: N/A] [main] WARN  o.s.b.s.r.RedisStarterDeprecationWarningAutoConfiguration -spring-boot-starter-redis is deprecated as of Spring Boot 1.4, please migrate to spring-boot-starter-data-redis
2022-07-05 08:50:30.293 [TID: N/A] [main] INFO  c.t.w.WxToolProjectApplicationTests -Started WxToolProjectApplicationTests in 4.55 seconds (JVM running for 5.821)
