2022-06-07 13:39:43.775 [TID: N/A] [main] INFO  c.t.w.WxToolProjectApplication -Starting WxToolProjectApplication using Java 1.8.0_152 on 刘昊岩的电脑 with PID 27048 (D:\project\wxToolProject\target\classes started by liuha in D:\project\wxToolProject)
2022-06-07 13:39:43.778 [TID: N/A] [main] DEBUG c.t.w.WxToolProjectApplication -Running with Spring Boot v2.5.0, Spring v5.3.7
2022-06-07 13:39:43.778 [TID: N/A] [main] INFO  c.t.w.WxToolProjectApplication -The following profiles are active: dev
2022-06-07 13:39:46.723 [TID: N/A] [main] DEBUG c.t.w.api.sys.config.HttpsConfig$1 -Code archive: D:\tool\develop\Config\apache-maven\repository\org\springframework\boot\spring-boot\2.5.0\spring-boot-2.5.0.jar
2022-06-07 13:39:46.723 [TID: N/A] [main] DEBUG c.t.w.api.sys.config.HttpsConfig$1 -Code archive: D:\tool\develop\Config\apache-maven\repository\org\springframework\boot\spring-boot\2.5.0\spring-boot-2.5.0.jar
2022-06-07 13:39:46.724 [TID: N/A] [main] DEBUG c.t.w.api.sys.config.HttpsConfig$1 -None of the document roots [src/main/webapp, public, static] point to a directory and will be ignored.
2022-06-07 13:39:52.474 [TID: N/A] [kafka-producer-network-thread | producer-1] WARN  o.apache.kafka.clients.NetworkClient -[Producer clientId=producer-1] Bootstrap broker 82.156.0.45:9092 (id: -1 rack: null) disconnected
2022-06-07 13:39:43.607 [TID: N/A] [background-preinit] WARN  o.s.h.c.j.Jackson2ObjectMapperBuilder -For Jackson Kotlin classes support please add "com.fasterxml.jackson.module:jackson-module-kotlin" to the classpath
2022-06-07 13:41:22.681 [TID: N/A] [main] INFO  c.t.w.WxToolProjectApplication -Starting WxToolProjectApplication using Java 1.8.0_152 on 刘昊岩的电脑 with PID 22032 (D:\project\wxToolProject\target\classes started by liuha in D:\project\wxToolProject)
2022-06-07 13:41:22.682 [TID: N/A] [main] DEBUG c.t.w.WxToolProjectApplication -Running with Spring Boot v2.5.0, Spring v5.3.7
2022-06-07 13:41:22.682 [TID: N/A] [main] INFO  c.t.w.WxToolProjectApplication -The following profiles are active: dev
2022-06-07 13:41:22.667 [TID: N/A] [background-preinit] WARN  o.s.h.c.j.Jackson2ObjectMapperBuilder -For Jackson Kotlin classes support please add "com.fasterxml.jackson.module:jackson-module-kotlin" to the classpath
2022-06-07 13:41:24.630 [TID: N/A] [main] DEBUG c.t.w.api.sys.config.HttpsConfig$1 -Code archive: D:\tool\develop\Config\apache-maven\repository\org\springframework\boot\spring-boot\2.5.0\spring-boot-2.5.0.jar
2022-06-07 13:41:24.630 [TID: N/A] [main] DEBUG c.t.w.api.sys.config.HttpsConfig$1 -Code archive: D:\tool\develop\Config\apache-maven\repository\org\springframework\boot\spring-boot\2.5.0\spring-boot-2.5.0.jar
2022-06-07 13:41:24.631 [TID: N/A] [main] DEBUG c.t.w.api.sys.config.HttpsConfig$1 -None of the document roots [src/main/webapp, public, static] point to a directory and will be ignored.
2022-06-07 13:41:26.174 [TID: N/A] [main] WARN  o.s.b.s.r.RedisStarterDeprecationWarningAutoConfiguration -spring-boot-starter-redis is deprecated as of Spring Boot 1.4, please migrate to spring-boot-starter-data-redis
2022-06-07 13:41:26.236 [TID: N/A] [main] WARN  o.s.b.w.s.c.AnnotationConfigServletWebServerApplicationContext -Exception encountered during context initialization - cancelling refresh attempt: org.springframework.context.ApplicationContextException: Failed to start bean 'org.springframework.kafka.config.internalKafkaListenerEndpointRegistry'; nested exception is java.lang.IllegalStateException: No group.id found in consumer config, container properties, or @KafkaListener annotation; a group.id is required when group management is used.
2022-06-07 13:41:26.303 [TID: N/A] [main] ERROR o.s.boot.SpringApplication -Application run failed
org.springframework.context.ApplicationContextException: Failed to start bean 'org.springframework.kafka.config.internalKafkaListenerEndpointRegistry'; nested exception is java.lang.IllegalStateException: No group.id found in consumer config, container properties, or @KafkaListener annotation; a group.id is required when group management is used.
	at org.springframework.context.support.DefaultLifecycleProcessor.doStart(DefaultLifecycleProcessor.java:181)
	at org.springframework.context.support.DefaultLifecycleProcessor.access$200(DefaultLifecycleProcessor.java:54)
	at org.springframework.context.support.DefaultLifecycleProcessor$LifecycleGroup.start(DefaultLifecycleProcessor.java:356)
	at java.lang.Iterable.forEach(Iterable.java:75)
	at org.springframework.context.support.DefaultLifecycleProcessor.startBeans(DefaultLifecycleProcessor.java:155)
	at org.springframework.context.support.DefaultLifecycleProcessor.onRefresh(DefaultLifecycleProcessor.java:123)
	at org.springframework.context.support.AbstractApplicationContext.finishRefresh(AbstractApplicationContext.java:935)
	at org.springframework.context.support.AbstractApplicationContext.__refresh(AbstractApplicationContext.java:586)
	at org.springframework.context.support.AbstractApplicationContext.jrLockAndRefresh(AbstractApplicationContext.java:40002)
	at org.springframework.context.support.AbstractApplicationContext.refresh(AbstractApplicationContext.java:41008)
	at org.springframework.boot.web.servlet.context.ServletWebServerApplicationContext.refresh(ServletWebServerApplicationContext.java:145)
	at org.springframework.boot.SpringApplication.refresh(SpringApplication.java:758)
	at org.springframework.boot.SpringApplication.refreshContext(SpringApplication.java:438)
	at org.springframework.boot.SpringApplication.run(SpringApplication.java:337)
	at org.springframework.boot.SpringApplication.run(SpringApplication.java:1336)
	at org.springframework.boot.SpringApplication.run(SpringApplication.java:1325)
	at com.tool.wxtoolproject.WxToolProjectApplication.main(WxToolProjectApplication.java:21)
Caused by: java.lang.IllegalStateException: No group.id found in consumer config, container properties, or @KafkaListener annotation; a group.id is required when group management is used.
	at org.springframework.util.Assert.state(Assert.java:76)
	at org.springframework.kafka.listener.AbstractMessageListenerContainer.checkGroupId(AbstractMessageListenerContainer.java:464)
	at org.springframework.kafka.listener.AbstractMessageListenerContainer.start(AbstractMessageListenerContainer.java:400)
	at org.springframework.kafka.config.KafkaListenerEndpointRegistry.startIfNecessary(KafkaListenerEndpointRegistry.java:318)
	at org.springframework.kafka.config.KafkaListenerEndpointRegistry.start(KafkaListenerEndpointRegistry.java:263)
	at org.springframework.context.support.DefaultLifecycleProcessor.doStart(DefaultLifecycleProcessor.java:178)
	... 16 common frames omitted
2022-06-07 13:44:07.877 [TID: N/A] [main] INFO  c.t.w.WxToolProjectApplication -Starting WxToolProjectApplication using Java 1.8.0_152 on 刘昊岩的电脑 with PID 28468 (D:\project\wxToolProject\target\classes started by liuha in D:\project\wxToolProject)
2022-06-07 13:44:07.879 [TID: N/A] [main] DEBUG c.t.w.WxToolProjectApplication -Running with Spring Boot v2.5.0, Spring v5.3.7
2022-06-07 13:44:07.879 [TID: N/A] [main] INFO  c.t.w.WxToolProjectApplication -The following profiles are active: dev
2022-06-07 13:44:11.482 [TID: N/A] [main] DEBUG c.t.w.api.sys.config.HttpsConfig$1 -Code archive: D:\tool\develop\Config\apache-maven\repository\org\springframework\boot\spring-boot\2.5.0\spring-boot-2.5.0.jar
2022-06-07 13:44:11.483 [TID: N/A] [main] DEBUG c.t.w.api.sys.config.HttpsConfig$1 -Code archive: D:\tool\develop\Config\apache-maven\repository\org\springframework\boot\spring-boot\2.5.0\spring-boot-2.5.0.jar
2022-06-07 13:44:11.484 [TID: N/A] [main] DEBUG c.t.w.api.sys.config.HttpsConfig$1 -None of the document roots [src/main/webapp, public, static] point to a directory and will be ignored.
2022-06-07 13:44:16.254 [TID: N/A] [kafka-producer-network-thread | producer-1] WARN  o.apache.kafka.clients.NetworkClient -[Producer clientId=producer-1] Bootstrap broker 82.156.0.45:9092 (id: -1 rack: null) disconnected
2022-06-07 13:45:15.259 [TID: N/A] [main] ERROR o.s.boot.SpringApplication -Application run failed
java.lang.IllegalStateException: java.lang.IllegalStateException: Logback configuration error detected: 
ERROR in ch.qos.logback.core.joran.action.AppenderAction - Could not create an Appender of type [com.github.danielwegener.logback.kafka.KafkaAppender]. ch.qos.logback.core.util.DynamicClassLoadingException: Failed to instantiate type com.github.danielwegener.logback.kafka.KafkaAppender
ERROR in ch.qos.logback.core.joran.spi.Interpreter@42:93 - ActionException in Action for tag [appender] ch.qos.logback.core.joran.spi.ActionException: ch.qos.logback.core.util.DynamicClassLoadingException: Failed to instantiate type com.github.danielwegener.logback.kafka.KafkaAppender
ERROR in ch.qos.logback.core.joran.action.AppenderRefAction - Could not find an appender named [kafka]. Did you define it below instead of above in the configuration file?
ERROR in ch.qos.logback.core.joran.action.AppenderRefAction - See http://logback.qos.ch/codes.html#appender_order for more details.
ERROR in ch.qos.logback.core.joran.action.AppenderRefAction - Could not find an appender named [kafka]. Did you define it below instead of above in the configuration file?
ERROR in ch.qos.logback.core.joran.action.AppenderRefAction - See http://logback.qos.ch/codes.html#appender_order for more details.
ERROR in ch.qos.logback.core.joran.action.AppenderRefAction - Could not find an appender named [kafka]. Did you define it below instead of above in the configuration file?
ERROR in ch.qos.logback.core.joran.action.AppenderRefAction - See http://logback.qos.ch/codes.html#appender_order for more details.
ERROR in ch.qos.logback.core.joran.action.AppenderRefAction - Could not find an appender named [kafka]. Did you define it below instead of above in the configuration file?
ERROR in ch.qos.logback.core.joran.action.AppenderRefAction - See http://logback.qos.ch/codes.html#appender_order for more details.
	at org.springframework.boot.context.logging.LoggingApplicationListener.initializeSystem(LoggingApplicationListener.java:327)
	at org.springframework.boot.context.logging.LoggingApplicationListener.initialize(LoggingApplicationListener.java:281)
	at org.springframework.boot.context.logging.LoggingApplicationListener.onApplicationEnvironmentPreparedEvent(LoggingApplicationListener.java:239)
	at org.springframework.boot.context.logging.LoggingApplicationListener.onApplicationEvent(LoggingApplicationListener.java:216)
	at org.springframework.context.event.SimpleApplicationEventMulticaster.doInvokeListener(SimpleApplicationEventMulticaster.java:176)
	at org.springframework.context.event.SimpleApplicationEventMulticaster.invokeListener(SimpleApplicationEventMulticaster.java:169)
	at org.springframework.context.event.SimpleApplicationEventMulticaster.multicastEvent(SimpleApplicationEventMulticaster.java:143)
	at org.springframework.context.event.SimpleApplicationEventMulticaster.multicastEvent(SimpleApplicationEventMulticaster.java:131)
	at org.springframework.boot.context.event.EventPublishingRunListener.environmentPrepared(EventPublishingRunListener.java:82)
	at org.springframework.boot.SpringApplicationRunListeners.lambda$environmentPrepared$2(SpringApplicationRunListeners.java:63)
	at java.util.ArrayList.forEach(ArrayList.java:1257)
	at org.springframework.boot.SpringApplicationRunListeners.doWithListeners(SpringApplicationRunListeners.java:117)
	at org.springframework.boot.SpringApplicationRunListeners.doWithListeners(SpringApplicationRunListeners.java:111)
	at org.springframework.boot.SpringApplicationRunListeners.environmentPrepared(SpringApplicationRunListeners.java:62)
	at org.springframework.boot.SpringApplication.prepareEnvironment(SpringApplication.java:373)
	at org.springframework.boot.SpringApplication.run(SpringApplication.java:331)
	at org.springframework.boot.SpringApplication.run(SpringApplication.java:1336)
	at org.springframework.boot.SpringApplication.run(SpringApplication.java:1325)
	at com.tool.wxtoolproject.WxToolProjectApplication.main(WxToolProjectApplication.java:21)
Caused by: java.lang.IllegalStateException: Logback configuration error detected: 
ERROR in ch.qos.logback.core.joran.action.AppenderAction - Could not create an Appender of type [com.github.danielwegener.logback.kafka.KafkaAppender]. ch.qos.logback.core.util.DynamicClassLoadingException: Failed to instantiate type com.github.danielwegener.logback.kafka.KafkaAppender
ERROR in ch.qos.logback.core.joran.spi.Interpreter@42:93 - ActionException in Action for tag [appender] ch.qos.logback.core.joran.spi.ActionException: ch.qos.logback.core.util.DynamicClassLoadingException: Failed to instantiate type com.github.danielwegener.logback.kafka.KafkaAppender
ERROR in ch.qos.logback.core.joran.action.AppenderRefAction - Could not find an appender named [kafka]. Did you define it below instead of above in the configuration file?
ERROR in ch.qos.logback.core.joran.action.AppenderRefAction - See http://logback.qos.ch/codes.html#appender_order for more details.
ERROR in ch.qos.logback.core.joran.action.AppenderRefAction - Could not find an appender named [kafka]. Did you define it below instead of above in the configuration file?
ERROR in ch.qos.logback.core.joran.action.AppenderRefAction - See http://logback.qos.ch/codes.html#appender_order for more details.
ERROR in ch.qos.logback.core.joran.action.AppenderRefAction - Could not find an appender named [kafka]. Did you define it below instead of above in the configuration file?
ERROR in ch.qos.logback.core.joran.action.AppenderRefAction - See http://logback.qos.ch/codes.html#appender_order for more details.
ERROR in ch.qos.logback.core.joran.action.AppenderRefAction - Could not find an appender named [kafka]. Did you define it below instead of above in the configuration file?
ERROR in ch.qos.logback.core.joran.action.AppenderRefAction - See http://logback.qos.ch/codes.html#appender_order for more details.
	at org.springframework.boot.logging.logback.LogbackLoggingSystem.loadConfiguration(LogbackLoggingSystem.java:179)
	at org.springframework.boot.logging.AbstractLoggingSystem.initializeWithSpecificConfig(AbstractLoggingSystem.java:66)
	at org.springframework.boot.logging.AbstractLoggingSystem.initialize(AbstractLoggingSystem.java:57)
	at org.springframework.boot.logging.logback.LogbackLoggingSystem.initialize(LogbackLoggingSystem.java:132)
	at org.springframework.boot.context.logging.LoggingApplicationListener.initializeSystem(LoggingApplicationListener.java:315)
	... 18 common frames omitted
2022-06-07 13:45:55.966 [TID: N/A] [restartedMain] ERROR o.s.boot.SpringApplication -Application run failed
java.lang.IllegalStateException: java.lang.IllegalStateException: Logback configuration error detected: 
ERROR in ch.qos.logback.core.joran.action.AppenderAction - Could not create an Appender of type [com.github.danielwegener.logback.kafka.KafkaAppender]. ch.qos.logback.core.util.DynamicClassLoadingException: Failed to instantiate type com.github.danielwegener.logback.kafka.KafkaAppender
ERROR in ch.qos.logback.core.joran.spi.Interpreter@42:93 - ActionException in Action for tag [appender] ch.qos.logback.core.joran.spi.ActionException: ch.qos.logback.core.util.DynamicClassLoadingException: Failed to instantiate type com.github.danielwegener.logback.kafka.KafkaAppender
ERROR in ch.qos.logback.core.joran.action.AppenderRefAction - Could not find an appender named [kafka]. Did you define it below instead of above in the configuration file?
ERROR in ch.qos.logback.core.joran.action.AppenderRefAction - See http://logback.qos.ch/codes.html#appender_order for more details.
ERROR in ch.qos.logback.core.joran.action.AppenderRefAction - Could not find an appender named [kafka]. Did you define it below instead of above in the configuration file?
ERROR in ch.qos.logback.core.joran.action.AppenderRefAction - See http://logback.qos.ch/codes.html#appender_order for more details.
ERROR in ch.qos.logback.core.joran.action.AppenderRefAction - Could not find an appender named [kafka]. Did you define it below instead of above in the configuration file?
ERROR in ch.qos.logback.core.joran.action.AppenderRefAction - See http://logback.qos.ch/codes.html#appender_order for more details.
ERROR in ch.qos.logback.core.joran.action.AppenderRefAction - Could not find an appender named [kafka]. Did you define it below instead of above in the configuration file?
ERROR in ch.qos.logback.core.joran.action.AppenderRefAction - See http://logback.qos.ch/codes.html#appender_order for more details.
	at org.springframework.boot.context.logging.LoggingApplicationListener.initializeSystem(LoggingApplicationListener.java:327)
	at org.springframework.boot.context.logging.LoggingApplicationListener.initialize(LoggingApplicationListener.java:281)
	at org.springframework.boot.context.logging.LoggingApplicationListener.onApplicationEnvironmentPreparedEvent(LoggingApplicationListener.java:239)
	at org.springframework.boot.context.logging.LoggingApplicationListener.onApplicationEvent(LoggingApplicationListener.java:216)
	at org.springframework.context.event.SimpleApplicationEventMulticaster.doInvokeListener(SimpleApplicationEventMulticaster.java:176)
	at org.springframework.context.event.SimpleApplicationEventMulticaster.invokeListener(SimpleApplicationEventMulticaster.java:169)
	at org.springframework.context.event.SimpleApplicationEventMulticaster.multicastEvent(SimpleApplicationEventMulticaster.java:143)
	at org.springframework.context.event.SimpleApplicationEventMulticaster.multicastEvent(SimpleApplicationEventMulticaster.java:131)
	at org.springframework.boot.context.event.EventPublishingRunListener.environmentPrepared(EventPublishingRunListener.java:82)
	at org.springframework.boot.SpringApplicationRunListeners.lambda$environmentPrepared$2(SpringApplicationRunListeners.java:63)
	at java.util.ArrayList.forEach(ArrayList.java:1257)
	at org.springframework.boot.SpringApplicationRunListeners.doWithListeners(SpringApplicationRunListeners.java:117)
	at org.springframework.boot.SpringApplicationRunListeners.doWithListeners(SpringApplicationRunListeners.java:111)
	at org.springframework.boot.SpringApplicationRunListeners.environmentPrepared(SpringApplicationRunListeners.java:62)
	at org.springframework.boot.SpringApplication.prepareEnvironment(SpringApplication.java:373)
	at org.springframework.boot.SpringApplication.run(SpringApplication.java:331)
	at org.springframework.boot.SpringApplication.run(SpringApplication.java:1336)
	at org.springframework.boot.SpringApplication.run(SpringApplication.java:1325)
	at com.tool.wxtoolproject.WxToolProjectApplication.main(WxToolProjectApplication.java:21)
	at sun.reflect.NativeMethodAccessorImpl.invoke0(Native Method)
	at sun.reflect.NativeMethodAccessorImpl.invoke(NativeMethodAccessorImpl.java:62)
	at sun.reflect.DelegatingMethodAccessorImpl.invoke(DelegatingMethodAccessorImpl.java:43)
	at java.lang.reflect.Method.invoke(Method.java:498)
	at org.springframework.boot.devtools.restart.RestartLauncher.run(RestartLauncher.java:49)
Caused by: java.lang.IllegalStateException: Logback configuration error detected: 
ERROR in ch.qos.logback.core.joran.action.AppenderAction - Could not create an Appender of type [com.github.danielwegener.logback.kafka.KafkaAppender]. ch.qos.logback.core.util.DynamicClassLoadingException: Failed to instantiate type com.github.danielwegener.logback.kafka.KafkaAppender
ERROR in ch.qos.logback.core.joran.spi.Interpreter@42:93 - ActionException in Action for tag [appender] ch.qos.logback.core.joran.spi.ActionException: ch.qos.logback.core.util.DynamicClassLoadingException: Failed to instantiate type com.github.danielwegener.logback.kafka.KafkaAppender
ERROR in ch.qos.logback.core.joran.action.AppenderRefAction - Could not find an appender named [kafka]. Did you define it below instead of above in the configuration file?
ERROR in ch.qos.logback.core.joran.action.AppenderRefAction - See http://logback.qos.ch/codes.html#appender_order for more details.
ERROR in ch.qos.logback.core.joran.action.AppenderRefAction - Could not find an appender named [kafka]. Did you define it below instead of above in the configuration file?
ERROR in ch.qos.logback.core.joran.action.AppenderRefAction - See http://logback.qos.ch/codes.html#appender_order for more details.
ERROR in ch.qos.logback.core.joran.action.AppenderRefAction - Could not find an appender named [kafka]. Did you define it below instead of above in the configuration file?
ERROR in ch.qos.logback.core.joran.action.AppenderRefAction - See http://logback.qos.ch/codes.html#appender_order for more details.
ERROR in ch.qos.logback.core.joran.action.AppenderRefAction - Could not find an appender named [kafka]. Did you define it below instead of above in the configuration file?
ERROR in ch.qos.logback.core.joran.action.AppenderRefAction - See http://logback.qos.ch/codes.html#appender_order for more details.
	at org.springframework.boot.logging.logback.LogbackLoggingSystem.loadConfiguration(LogbackLoggingSystem.java:179)
	at org.springframework.boot.logging.AbstractLoggingSystem.initializeWithSpecificConfig(AbstractLoggingSystem.java:66)
	at org.springframework.boot.logging.AbstractLoggingSystem.initialize(AbstractLoggingSystem.java:57)
	at org.springframework.boot.logging.logback.LogbackLoggingSystem.initialize(LogbackLoggingSystem.java:132)
	at org.springframework.boot.context.logging.LoggingApplicationListener.initializeSystem(LoggingApplicationListener.java:315)
	... 23 common frames omitted
2022-06-07 13:46:16.467 [TID: N/A] [main] ERROR o.s.boot.SpringApplication -Application run failed
java.lang.IllegalStateException: java.lang.IllegalStateException: Logback configuration error detected: 
ERROR in ch.qos.logback.core.joran.action.AppenderAction - Could not create an Appender of type [com.github.danielwegener.logback.kafka.KafkaAppender]. ch.qos.logback.core.util.DynamicClassLoadingException: Failed to instantiate type com.github.danielwegener.logback.kafka.KafkaAppender
ERROR in ch.qos.logback.core.joran.spi.Interpreter@42:93 - ActionException in Action for tag [appender] ch.qos.logback.core.joran.spi.ActionException: ch.qos.logback.core.util.DynamicClassLoadingException: Failed to instantiate type com.github.danielwegener.logback.kafka.KafkaAppender
ERROR in ch.qos.logback.core.joran.action.AppenderRefAction - Could not find an appender named [kafka]. Did you define it below instead of above in the configuration file?
ERROR in ch.qos.logback.core.joran.action.AppenderRefAction - See http://logback.qos.ch/codes.html#appender_order for more details.
ERROR in ch.qos.logback.core.joran.action.AppenderRefAction - Could not find an appender named [kafka]. Did you define it below instead of above in the configuration file?
ERROR in ch.qos.logback.core.joran.action.AppenderRefAction - See http://logback.qos.ch/codes.html#appender_order for more details.
ERROR in ch.qos.logback.core.joran.action.AppenderRefAction - Could not find an appender named [kafka]. Did you define it below instead of above in the configuration file?
ERROR in ch.qos.logback.core.joran.action.AppenderRefAction - See http://logback.qos.ch/codes.html#appender_order for more details.
ERROR in ch.qos.logback.core.joran.action.AppenderRefAction - Could not find an appender named [kafka]. Did you define it below instead of above in the configuration file?
ERROR in ch.qos.logback.core.joran.action.AppenderRefAction - See http://logback.qos.ch/codes.html#appender_order for more details.
	at org.springframework.boot.context.logging.LoggingApplicationListener.initializeSystem(LoggingApplicationListener.java:327)
	at org.springframework.boot.context.logging.LoggingApplicationListener.initialize(LoggingApplicationListener.java:281)
	at org.springframework.boot.context.logging.LoggingApplicationListener.onApplicationEnvironmentPreparedEvent(LoggingApplicationListener.java:239)
	at org.springframework.boot.context.logging.LoggingApplicationListener.onApplicationEvent(LoggingApplicationListener.java:216)
	at org.springframework.context.event.SimpleApplicationEventMulticaster.doInvokeListener(SimpleApplicationEventMulticaster.java:176)
	at org.springframework.context.event.SimpleApplicationEventMulticaster.invokeListener(SimpleApplicationEventMulticaster.java:169)
	at org.springframework.context.event.SimpleApplicationEventMulticaster.multicastEvent(SimpleApplicationEventMulticaster.java:143)
	at org.springframework.context.event.SimpleApplicationEventMulticaster.multicastEvent(SimpleApplicationEventMulticaster.java:131)
	at org.springframework.boot.context.event.EventPublishingRunListener.environmentPrepared(EventPublishingRunListener.java:82)
	at org.springframework.boot.SpringApplicationRunListeners.lambda$environmentPrepared$2(SpringApplicationRunListeners.java:63)
	at java.util.ArrayList.forEach(ArrayList.java:1257)
	at org.springframework.boot.SpringApplicationRunListeners.doWithListeners(SpringApplicationRunListeners.java:117)
	at org.springframework.boot.SpringApplicationRunListeners.doWithListeners(SpringApplicationRunListeners.java:111)
	at org.springframework.boot.SpringApplicationRunListeners.environmentPrepared(SpringApplicationRunListeners.java:62)
	at org.springframework.boot.SpringApplication.prepareEnvironment(SpringApplication.java:373)
	at org.springframework.boot.SpringApplication.run(SpringApplication.java:331)
	at org.springframework.boot.SpringApplication.run(SpringApplication.java:1336)
	at org.springframework.boot.SpringApplication.run(SpringApplication.java:1325)
	at com.tool.wxtoolproject.WxToolProjectApplication.main(WxToolProjectApplication.java:21)
Caused by: java.lang.IllegalStateException: Logback configuration error detected: 
ERROR in ch.qos.logback.core.joran.action.AppenderAction - Could not create an Appender of type [com.github.danielwegener.logback.kafka.KafkaAppender]. ch.qos.logback.core.util.DynamicClassLoadingException: Failed to instantiate type com.github.danielwegener.logback.kafka.KafkaAppender
ERROR in ch.qos.logback.core.joran.spi.Interpreter@42:93 - ActionException in Action for tag [appender] ch.qos.logback.core.joran.spi.ActionException: ch.qos.logback.core.util.DynamicClassLoadingException: Failed to instantiate type com.github.danielwegener.logback.kafka.KafkaAppender
ERROR in ch.qos.logback.core.joran.action.AppenderRefAction - Could not find an appender named [kafka]. Did you define it below instead of above in the configuration file?
ERROR in ch.qos.logback.core.joran.action.AppenderRefAction - See http://logback.qos.ch/codes.html#appender_order for more details.
ERROR in ch.qos.logback.core.joran.action.AppenderRefAction - Could not find an appender named [kafka]. Did you define it below instead of above in the configuration file?
ERROR in ch.qos.logback.core.joran.action.AppenderRefAction - See http://logback.qos.ch/codes.html#appender_order for more details.
ERROR in ch.qos.logback.core.joran.action.AppenderRefAction - Could not find an appender named [kafka]. Did you define it below instead of above in the configuration file?
ERROR in ch.qos.logback.core.joran.action.AppenderRefAction - See http://logback.qos.ch/codes.html#appender_order for more details.
ERROR in ch.qos.logback.core.joran.action.AppenderRefAction - Could not find an appender named [kafka]. Did you define it below instead of above in the configuration file?
ERROR in ch.qos.logback.core.joran.action.AppenderRefAction - See http://logback.qos.ch/codes.html#appender_order for more details.
	at org.springframework.boot.logging.logback.LogbackLoggingSystem.loadConfiguration(LogbackLoggingSystem.java:179)
	at org.springframework.boot.logging.AbstractLoggingSystem.initializeWithSpecificConfig(AbstractLoggingSystem.java:66)
	at org.springframework.boot.logging.AbstractLoggingSystem.initialize(AbstractLoggingSystem.java:57)
	at org.springframework.boot.logging.logback.LogbackLoggingSystem.initialize(LogbackLoggingSystem.java:132)
	at org.springframework.boot.context.logging.LoggingApplicationListener.initializeSystem(LoggingApplicationListener.java:315)
	... 18 common frames omitted
2022-06-07 13:46:39.935 [TID: N/A] [main] INFO  c.t.w.WxToolProjectApplication -Starting WxToolProjectApplication using Java 1.8.0_152 on 刘昊岩的电脑 with PID 24788 (D:\project\wxToolProject\target\classes started by liuha in D:\project\wxToolProject)
2022-06-07 13:46:39.937 [TID: N/A] [main] DEBUG c.t.w.WxToolProjectApplication -Running with Spring Boot v2.5.0, Spring v5.3.7
2022-06-07 13:46:39.937 [TID: N/A] [main] INFO  c.t.w.WxToolProjectApplication -The following profiles are active: dev
2022-06-07 13:46:41.900 [TID: N/A] [main] DEBUG c.t.w.api.sys.config.HttpsConfig$1 -Code archive: D:\tool\develop\Config\apache-maven\repository\org\springframework\boot\spring-boot\2.5.0\spring-boot-2.5.0.jar
2022-06-07 13:46:41.900 [TID: N/A] [main] DEBUG c.t.w.api.sys.config.HttpsConfig$1 -Code archive: D:\tool\develop\Config\apache-maven\repository\org\springframework\boot\spring-boot\2.5.0\spring-boot-2.5.0.jar
2022-06-07 13:46:41.901 [TID: N/A] [main] DEBUG c.t.w.api.sys.config.HttpsConfig$1 -None of the document roots [src/main/webapp, public, static] point to a directory and will be ignored.
2022-06-07 13:46:52.151 [TID: N/A] [kafka-producer-network-thread | producer-1] WARN  o.apache.kafka.clients.NetworkClient -[Producer clientId=producer-1] Bootstrap broker 82.156.0.45:9092 (id: -1 rack: null) disconnected
2022-06-07 13:47:49.525 [TID: N/A] [main] INFO  c.t.w.WxToolProjectApplication -Starting WxToolProjectApplication using Java 1.8.0_152 on 刘昊岩的电脑 with PID 27032 (D:\project\wxToolProject\target\classes started by liuha in D:\project\wxToolProject)
2022-06-07 13:47:49.528 [TID: N/A] [main] DEBUG c.t.w.WxToolProjectApplication -Running with Spring Boot v2.5.0, Spring v5.3.7
2022-06-07 13:47:49.528 [TID: N/A] [main] INFO  c.t.w.WxToolProjectApplication -The following profiles are active: dev
2022-06-07 13:47:49.626 [TID: N/A] [background-preinit] WARN  o.s.h.c.j.Jackson2ObjectMapperBuilder -For Jackson Kotlin classes support please add "com.fasterxml.jackson.module:jackson-module-kotlin" to the classpath
2022-06-07 13:47:51.674 [TID: N/A] [main] DEBUG c.t.w.api.sys.config.HttpsConfig$1 -Code archive: D:\tool\develop\Config\apache-maven\repository\org\springframework\boot\spring-boot\2.5.0\spring-boot-2.5.0.jar
2022-06-07 13:47:51.675 [TID: N/A] [main] DEBUG c.t.w.api.sys.config.HttpsConfig$1 -Code archive: D:\tool\develop\Config\apache-maven\repository\org\springframework\boot\spring-boot\2.5.0\spring-boot-2.5.0.jar
2022-06-07 13:47:51.676 [TID: N/A] [main] DEBUG c.t.w.api.sys.config.HttpsConfig$1 -None of the document roots [src/main/webapp, public, static] point to a directory and will be ignored.
2022-06-07 13:47:53.298 [TID: N/A] [main] WARN  o.s.b.s.r.RedisStarterDeprecationWarningAutoConfiguration -spring-boot-starter-redis is deprecated as of Spring Boot 1.4, please migrate to spring-boot-starter-data-redis
2022-06-07 13:47:53.359 [TID: N/A] [main] WARN  o.s.b.w.s.c.AnnotationConfigServletWebServerApplicationContext -Exception encountered during context initialization - cancelling refresh attempt: org.springframework.context.ApplicationContextException: Failed to start bean 'org.springframework.kafka.config.internalKafkaListenerEndpointRegistry'; nested exception is java.lang.IllegalStateException: No group.id found in consumer config, container properties, or @KafkaListener annotation; a group.id is required when group management is used.
2022-06-07 13:47:53.411 [TID: N/A] [main] ERROR o.s.boot.SpringApplication -Application run failed
org.springframework.context.ApplicationContextException: Failed to start bean 'org.springframework.kafka.config.internalKafkaListenerEndpointRegistry'; nested exception is java.lang.IllegalStateException: No group.id found in consumer config, container properties, or @KafkaListener annotation; a group.id is required when group management is used.
	at org.springframework.context.support.DefaultLifecycleProcessor.doStart(DefaultLifecycleProcessor.java:181)
	at org.springframework.context.support.DefaultLifecycleProcessor.access$200(DefaultLifecycleProcessor.java:54)
	at org.springframework.context.support.DefaultLifecycleProcessor$LifecycleGroup.start(DefaultLifecycleProcessor.java:356)
	at java.lang.Iterable.forEach(Iterable.java:75)
	at org.springframework.context.support.DefaultLifecycleProcessor.startBeans(DefaultLifecycleProcessor.java:155)
	at org.springframework.context.support.DefaultLifecycleProcessor.onRefresh(DefaultLifecycleProcessor.java:123)
	at org.springframework.context.support.AbstractApplicationContext.finishRefresh(AbstractApplicationContext.java:935)
	at org.springframework.context.support.AbstractApplicationContext.__refresh(AbstractApplicationContext.java:586)
	at org.springframework.context.support.AbstractApplicationContext.jrLockAndRefresh(AbstractApplicationContext.java:40002)
	at org.springframework.context.support.AbstractApplicationContext.refresh(AbstractApplicationContext.java:41008)
	at org.springframework.boot.web.servlet.context.ServletWebServerApplicationContext.refresh(ServletWebServerApplicationContext.java:145)
	at org.springframework.boot.SpringApplication.refresh(SpringApplication.java:758)
	at org.springframework.boot.SpringApplication.refreshContext(SpringApplication.java:438)
	at org.springframework.boot.SpringApplication.run(SpringApplication.java:337)
	at org.springframework.boot.SpringApplication.run(SpringApplication.java:1336)
	at org.springframework.boot.SpringApplication.run(SpringApplication.java:1325)
	at com.tool.wxtoolproject.WxToolProjectApplication.main(WxToolProjectApplication.java:21)
Caused by: java.lang.IllegalStateException: No group.id found in consumer config, container properties, or @KafkaListener annotation; a group.id is required when group management is used.
	at org.springframework.util.Assert.state(Assert.java:76)
	at org.springframework.kafka.listener.AbstractMessageListenerContainer.checkGroupId(AbstractMessageListenerContainer.java:464)
	at org.springframework.kafka.listener.AbstractMessageListenerContainer.start(AbstractMessageListenerContainer.java:400)
	at org.springframework.kafka.config.KafkaListenerEndpointRegistry.startIfNecessary(KafkaListenerEndpointRegistry.java:318)
	at org.springframework.kafka.config.KafkaListenerEndpointRegistry.start(KafkaListenerEndpointRegistry.java:263)
	at org.springframework.context.support.DefaultLifecycleProcessor.doStart(DefaultLifecycleProcessor.java:178)
	... 16 common frames omitted
2022-06-07 13:52:17.641 [TID: N/A] [main] INFO  c.t.w.WxToolProjectApplication -Starting WxToolProjectApplication using Java 1.8.0_152 on 刘昊岩的电脑 with PID 10060 (D:\project\wxToolProject\target\classes started by liuha in D:\project\wxToolProject)
2022-06-07 13:52:17.643 [TID: N/A] [main] DEBUG c.t.w.WxToolProjectApplication -Running with Spring Boot v2.5.0, Spring v5.3.7
2022-06-07 13:52:17.643 [TID: N/A] [main] INFO  c.t.w.WxToolProjectApplication -The following profiles are active: dev
2022-06-07 13:52:19.351 [TID: N/A] [main] DEBUG c.t.w.api.sys.config.HttpsConfig$1 -Code archive: D:\tool\develop\Config\apache-maven\repository\org\springframework\boot\spring-boot\2.5.0\spring-boot-2.5.0.jar
2022-06-07 13:52:19.352 [TID: N/A] [main] DEBUG c.t.w.api.sys.config.HttpsConfig$1 -Code archive: D:\tool\develop\Config\apache-maven\repository\org\springframework\boot\spring-boot\2.5.0\spring-boot-2.5.0.jar
2022-06-07 13:52:19.352 [TID: N/A] [main] DEBUG c.t.w.api.sys.config.HttpsConfig$1 -None of the document roots [src/main/webapp, public, static] point to a directory and will be ignored.
2022-06-07 13:52:20.929 [TID: N/A] [main] WARN  o.s.b.s.r.RedisStarterDeprecationWarningAutoConfiguration -spring-boot-starter-redis is deprecated as of Spring Boot 1.4, please migrate to spring-boot-starter-data-redis
2022-06-07 13:52:21.056 [TID: N/A] [main] INFO  c.t.w.WxToolProjectApplication -Started WxToolProjectApplication in 4.338 seconds (JVM running for 9.639)
2022-06-07 14:01:48.016 [TID: N/A] [File Watcher] WARN  o.m.s.mapper.ClassPathMapperScanner -No MyBatis mapper was found in '[com.tool.wxtoolproject.api.user.dao]' package. Please check your configuration.
