2022-06-14 13:14:22.672 [TID: N/A] [main] WARN  o.s.b.t.j.DuplicateJsonObjectContextCustomizerFactory$DuplicateJsonObjectContextCustomizer -

Found multiple occurrences of org.json.JSONObject on the class path:

	jar:file:/D:/tool/develop/Config/apache-maven/repository/com/vaadin/external/google/android-json/0.0.20131108.vaadin1/android-json-0.0.20131108.vaadin1.jar!/org/json/JSONObject.class
	jar:file:/D:/tool/develop/Config/apache-maven/repository/org/json/json/20160810/json-20160810.jar!/org/json/JSONObject.class

You may wish to exclude one of them to ensure predictable runtime behavior

2022-06-14 13:14:22.799 [TID: N/A] [main] INFO  c.t.w.WxToolProjectApplicationTests -Starting WxToolProjectApplicationTests using Java 1.8.0_152 on 刘昊岩的电脑 with PID 13024 (started by liuha in D:\project\wxToolProject)
2022-06-14 13:14:22.800 [TID: N/A] [main] DEBUG c.t.w.WxToolProjectApplicationTests -Running with Spring Boot v2.5.0, Spring v5.3.7
2022-06-14 13:14:22.800 [TID: N/A] [main] INFO  c.t.w.WxToolProjectApplicationTests -The following profiles are active: dev
2022-06-14 13:14:26.317 [TID: N/A] [main] WARN  o.s.b.s.r.RedisStarterDeprecationWarningAutoConfiguration -spring-boot-starter-redis is deprecated as of Spring Boot 1.4, please migrate to spring-boot-starter-data-redis
2022-06-14 13:14:26.340 [TID: N/A] [main] INFO  c.t.w.WxToolProjectApplicationTests -Started WxToolProjectApplicationTests in 4.186 seconds (JVM running for 5.428)
2022-06-14 13:20:04.525 [TID: N/A] [main] WARN  o.s.b.t.j.DuplicateJsonObjectContextCustomizerFactory$DuplicateJsonObjectContextCustomizer -

Found multiple occurrences of org.json.JSONObject on the class path:

	jar:file:/D:/tool/develop/Config/apache-maven/repository/com/vaadin/external/google/android-json/0.0.20131108.vaadin1/android-json-0.0.20131108.vaadin1.jar!/org/json/JSONObject.class
	jar:file:/D:/tool/develop/Config/apache-maven/repository/org/json/json/20160810/json-20160810.jar!/org/json/JSONObject.class

You may wish to exclude one of them to ensure predictable runtime behavior

2022-06-14 13:20:04.630 [TID: N/A] [main] INFO  c.t.w.WxToolProjectApplicationTests -Starting WxToolProjectApplicationTests using Java 1.8.0_152 on 刘昊岩的电脑 with PID 15460 (started by liuha in D:\project\wxToolProject)
2022-06-14 13:20:04.631 [TID: N/A] [main] DEBUG c.t.w.WxToolProjectApplicationTests -Running with Spring Boot v2.5.0, Spring v5.3.7
2022-06-14 13:20:04.631 [TID: N/A] [main] INFO  c.t.w.WxToolProjectApplicationTests -The following profiles are active: dev
2022-06-14 13:20:08.153 [TID: N/A] [main] WARN  o.s.b.s.r.RedisStarterDeprecationWarningAutoConfiguration -spring-boot-starter-redis is deprecated as of Spring Boot 1.4, please migrate to spring-boot-starter-data-redis
2022-06-14 13:20:08.175 [TID: N/A] [main] INFO  c.t.w.WxToolProjectApplicationTests -Started WxToolProjectApplicationTests in 4.165 seconds (JVM running for 6.461)
